2025-09-03 13:41:33,132 - INFO - 엑셀 파일 로드 완료: 688행 4열
2025-09-03 13:41:33,135 - INFO - 실제 컬럼: ['약제분류번호', '약제분류명', '구분', '세부인정기준 및 방법']
2025-09-03 13:41:33,137 - INFO - 컬럼 매핑 완료: {'약제분류번호': '약제분류번호', '약제분류명': '약제 분류명', '구분': '구분', '세부인정기준 및 방법': '세부인정기준 및 방법'}
2025-09-03 13:41:33,172 - INFO - 전처리 완료: 688개 항목
2025-09-03 13:41:55,845 - WARNING - 길이 제한 위반:  (0자)
2025-09-03 13:41:55,845 - WARNING - row_4: 질문 부족 (0개)
2025-09-03 13:41:55,846 - INFO - 완료: row_4 - 0개 질문
2025-09-03 13:41:58,323 - WARNING - 길이 제한 위반:  (0자)
2025-09-03 13:41:58,323 - WARNING - row_1: 질문 부족 (0개)
2025-09-03 13:41:58,324 - INFO - 완료: row_1 - 0개 질문
2025-09-03 13:42:01,497 - WARNING - 길이 제한 위반:  (0자)
2025-09-03 13:42:01,497 - WARNING - row_3: 질문 부족 (0개)
2025-09-03 13:42:01,499 - INFO - 완료: row_3 - 0개 질문
2025-09-03 13:42:02,904 - WARNING - 길이 제한 위반:  (0자)
2025-09-03 13:42:02,905 - WARNING - row_0: 질문 부족 (0개)
2025-09-03 13:42:02,905 - INFO - 완료: row_0 - 0개 질문
2025-09-03 13:42:15,036 - WARNING - 길이 제한 위반:  (0자)
2025-09-03 13:42:15,036 - WARNING - row_9: 질문 부족 (0개)
2025-09-03 13:42:15,036 - INFO - 완료: row_9 - 0개 질문
2025-09-03 13:42:16,328 - WARNING - 길이 제한 위반:  (0자)
2025-09-03 13:42:16,328 - WARNING - row_7: 질문 부족 (0개)
2025-09-03 13:42:16,328 - INFO - 완료: row_7 - 0개 질문
2025-09-03 13:42:16,779 - WARNING - 길이 제한 위반:  (0자)
2025-09-03 13:42:16,779 - WARNING - row_2: 질문 부족 (0개)
2025-09-03 13:42:16,780 - INFO - 완료: row_2 - 0개 질문
2025-09-03 13:42:18,884 - WARNING - 길이 제한 위반:  (0자)
2025-09-03 13:42:18,884 - WARNING - row_6: 질문 부족 (0개)
2025-09-03 13:42:18,884 - INFO - 완료: row_6 - 0개 질문
2025-09-03 13:42:18,893 - WARNING - 길이 제한 위반:  (0자)
2025-09-03 13:42:18,893 - WARNING - row_8: 질문 부족 (0개)
2025-09-03 13:42:18,893 - INFO - 완료: row_8 - 0개 질문
2025-09-03 13:42:26,916 - WARNING - 길이 제한 위반:  (0자)
2025-09-03 13:42:26,916 - WARNING - row_5: 질문 부족 (0개)
2025-09-03 13:42:26,917 - INFO - 완료: row_5 - 0개 질문
2025-09-03 13:42:30,722 - WARNING - 길이 제한 위반:  (0자)
2025-09-03 13:42:30,722 - WARNING - row_12: 질문 부족 (0개)
2025-09-03 13:42:30,722 - INFO - 완료: row_12 - 0개 질문
2025-09-03 13:42:32,081 - WARNING - 길이 제한 위반:  (0자)
2025-09-03 13:42:32,082 - WARNING - row_14: 질문 부족 (0개)
2025-09-03 13:42:32,082 - INFO - 완료: row_14 - 0개 질문
2025-09-03 13:42:32,551 - WARNING - 길이 제한 위반:  (0자)
2025-09-03 13:42:32,551 - WARNING - row_13: 질문 부족 (0개)
2025-09-03 13:42:32,551 - INFO - 완료: row_13 - 0개 질문
2025-09-03 13:42:34,395 - WARNING - 길이 제한 위반:  (0자)
2025-09-03 13:42:34,396 - WARNING - row_11: 질문 부족 (0개)
2025-09-03 13:42:34,396 - INFO - 완료: row_11 - 0개 질문
2025-09-03 13:42:36,979 - WARNING - 길이 제한 위반:  (0자)
2025-09-03 13:42:36,979 - WARNING - row_10: 질문 부족 (0개)
2025-09-03 13:42:36,980 - INFO - 완료: row_10 - 0개 질문
2025-09-03 13:42:39,401 - WARNING - 길이 제한 위반:  (0자)
2025-09-03 13:42:39,401 - WARNING - row_15: 질문 부족 (0개)
2025-09-03 13:42:39,402 - INFO - 완료: row_15 - 0개 질문
2025-09-03 13:42:53,312 - WARNING - 길이 제한 위반:  (0자)
2025-09-03 13:42:53,312 - WARNING - row_19: 질문 부족 (0개)
2025-09-03 13:42:53,312 - INFO - 완료: row_19 - 0개 질문
2025-09-03 13:43:05,821 - WARNING - 길이 제한 위반:  (0자)
2025-09-03 13:43:05,821 - WARNING - row_18: 질문 부족 (0개)
2025-09-03 13:43:05,821 - INFO - 완료: row_18 - 0개 질문
2025-09-03 13:43:09,843 - WARNING - 길이 제한 위반:  (0자)
2025-09-03 13:43:09,843 - WARNING - row_20: 질문 부족 (0개)
2025-09-03 13:43:09,844 - INFO - 완료: row_20 - 0개 질문
2025-09-03 13:43:14,031 - WARNING - 길이 제한 위반:  (0자)
2025-09-03 13:43:14,031 - WARNING - row_22: 질문 부족 (0개)
2025-09-03 13:43:14,031 - INFO - 완료: row_22 - 0개 질문
2025-09-03 13:43:15,108 - ERROR - JSON 파싱 실패 for row_17: Unterminated string starting at: line 39 column 22 (char 5133)
2025-09-03 13:43:15,108 - ERROR - Response content: {
  "questions": [
    {
      "약제분류번호": "",
      "약제 분류명": "nan",
      "구분": "[일반원칙] 마약성 진통제",
      "세부인정기준 및 방법": "허가사항 범위 내에서 아래와 같은 기준으로 투여 시 요양 급여를 인정함. - 아 래 - 가. 암성통증 「암환자에게 처방·투여하는 약제에 대한 요...
2025-09-03 13:43:15,109 - WARNING - row_17: 질문 부족 (0개)
2025-09-03 13:43:15,109 - INFO - 완료: row_17 - 0개 질문
2025-09-03 13:43:18,248 - WARNING - 길이 제한 위반:  (0자)
2025-09-03 13:43:18,248 - WARNING - row_23: 질문 부족 (0개)
2025-09-03 13:43:18,248 - INFO - 완료: row_23 - 0개 질문
2025-09-03 13:43:26,905 - ERROR - JSON 파싱 실패 for row_16: Unterminated string starting at: line 55 column 22 (char 4870)
2025-09-03 13:43:26,905 - ERROR - Response content: {
  "result": [
    {
      "약제분류번호": "",
      "약제 분류명": "nan",
      "구분": "[일반원칙] 동일성분 의약품 중복처방 관리에 관한 기준",
      "세부인정기준 및 방법": "동일 요양기관에서 같은 환자에게 6개월 동안 동일성분 의약품의 투약일수가 214일을 초과하여 처방하는 경우 요양급여를 인...
2025-09-03 13:43:26,906 - WARNING - row_16: 질문 부족 (0개)
2025-09-03 13:43:26,906 - INFO - 완료: row_16 - 0개 질문
2025-09-03 13:43:31,220 - WARNING - 길이 제한 위반:  (0자)
2025-09-03 13:43:31,221 - WARNING - row_25: 질문 부족 (0개)
2025-09-03 13:43:31,222 - INFO - 완료: row_25 - 0개 질문
2025-09-03 13:43:38,097 - ERROR - JSON 파싱 실패 for row_21: Unterminated string starting at: line 31 column 22 (char 5892)
2025-09-03 13:43:38,097 - ERROR - Response content: {
  "questions": [
    {
      "약제분류번호": "",
      "약제 분류명": "nan",
      "구분": "[일반원칙] 비결핵항산균 (NTM, Non-Tuberculous Mycobacteria) 치료제",
      "세부인정기준 및 방법": "비결핵항산균 (NTM, Non-Tuberculous Mycobacteria...
2025-09-03 13:43:38,097 - WARNING - row_21: 질문 부족 (0개)
2025-09-03 13:43:38,097 - INFO - 완료: row_21 - 0개 질문
2025-09-03 13:43:39,411 - WARNING - 길이 제한 위반:  (0자)
2025-09-03 13:43:39,411 - WARNING - row_27: 질문 부족 (0개)
2025-09-03 13:43:39,412 - INFO - 완료: row_27 - 0개 질문
2025-09-03 13:43:41,689 - WARNING - 길이 제한 위반:  (0자)
2025-09-03 13:43:41,689 - WARNING - row_24: 질문 부족 (0개)
2025-09-03 13:43:41,689 - INFO - 완료: row_24 - 0개 질문
2025-09-03 13:43:43,615 - WARNING - 길이 제한 위반:  (0자)
2025-09-03 13:43:43,618 - WARNING - row_29: 질문 부족 (0개)
2025-09-03 13:43:43,619 - INFO - 완료: row_29 - 0개 질문
2025-09-03 13:43:43,736 - WARNING - 길이 제한 위반:  (0자)
2025-09-03 13:43:43,748 - WARNING - row_28: 질문 부족 (0개)
2025-09-03 13:43:43,748 - INFO - 완료: row_28 - 0개 질문
2025-09-03 13:43:50,702 - WARNING - 길이 제한 위반:  (0자)
2025-09-03 13:43:50,702 - WARNING - row_26: 질문 부족 (0개)
2025-09-03 13:43:50,703 - INFO - 완료: row_26 - 0개 질문
2025-09-03 13:44:01,898 - WARNING - 길이 제한 위반:  (0자)
2025-09-03 13:44:01,898 - WARNING - row_33: 질문 부족 (0개)
2025-09-03 13:44:01,899 - INFO - 완료: row_33 - 0개 질문
2025-09-03 13:44:02,477 - WARNING - 길이 제한 위반:  (0자)
2025-09-03 13:44:02,477 - WARNING - row_34: 질문 부족 (0개)
2025-09-03 13:44:02,477 - INFO - 완료: row_34 - 0개 질문
2025-09-03 13:44:05,012 - WARNING - 길이 제한 위반:  (0자)
2025-09-03 13:44:05,012 - WARNING - row_30: 질문 부족 (0개)
2025-09-03 13:44:05,014 - INFO - 완료: row_30 - 0개 질문
2025-09-03 13:44:06,148 - WARNING - 길이 제한 위반:  (0자)
2025-09-03 13:44:06,148 - WARNING - row_32: 질문 부족 (0개)
2025-09-03 13:44:06,149 - INFO - 완료: row_32 - 0개 질문
2025-09-03 13:44:06,247 - WARNING - 길이 제한 위반:  (0자)
2025-09-03 13:44:06,247 - WARNING - row_35: 질문 부족 (0개)
2025-09-03 13:44:06,247 - INFO - 완료: row_35 - 0개 질문
2025-09-03 13:44:20,773 - WARNING - 길이 제한 위반:  (0자)
2025-09-03 13:44:20,773 - WARNING - row_38: 질문 부족 (0개)
2025-09-03 13:44:20,773 - INFO - 완료: row_38 - 0개 질문
2025-09-03 13:44:20,799 - ERROR - JSON 파싱 실패 for row_31: Unterminated string starting at: line 63 column 22 (char 4650)
2025-09-03 13:44:20,799 - ERROR - Response content: {
  "result": [
    {
      "약제분류번호": "",
      "약제 분류명": "nan",
      "구분": "[일반원칙] 폐동맥고혈압 약제",
      "세부인정기준 및 방법": "각 약제의 허가사항 범위(폐동맥고혈압) 내에서 아래와 같은 기준으로 투여 시 요양급여를 인정하며, 동 인정기준 이외에는 약값 전액을 환자가 부담토...
2025-09-03 13:44:20,799 - WARNING - row_31: 질문 부족 (0개)
2025-09-03 13:44:20,799 - INFO - 완료: row_31 - 0개 질문
2025-09-03 13:44:24,714 - WARNING - 길이 제한 위반:  (0자)
2025-09-03 13:44:24,714 - WARNING - row_37: 질문 부족 (0개)
2025-09-03 13:44:24,714 - INFO - 완료: row_37 - 0개 질문
2025-09-03 13:44:31,044 - WARNING - 길이 제한 위반:  (0자)
2025-09-03 13:44:31,044 - WARNING - row_36: 질문 부족 (0개)
2025-09-03 13:44:31,044 - INFO - 완료: row_36 - 0개 질문
2025-09-03 13:44:42,281 - WARNING - 길이 제한 위반:  (0자)
2025-09-03 13:44:42,283 - WARNING - row_41: 질문 부족 (0개)
2025-09-03 13:44:42,283 - INFO - 완료: row_41 - 0개 질문
2025-09-03 13:44:47,053 - WARNING - 길이 제한 위반:  (0자)
2025-09-03 13:44:47,053 - WARNING - row_40: 질문 부족 (0개)
2025-09-03 13:44:47,054 - INFO - 완료: row_40 - 0개 질문
2025-09-03 13:44:47,767 - WARNING - 길이 제한 위반:  (0자)
2025-09-03 13:44:47,767 - WARNING - row_42: 질문 부족 (0개)
2025-09-03 13:44:47,768 - INFO - 완료: row_42 - 0개 질문
2025-09-03 13:44:48,447 - ERROR - JSON 파싱 실패 for row_39: Unterminated string starting at: line 61 column 7 (char 5377)
2025-09-03 13:44:48,447 - ERROR - Response content: {
  "result": [
    {
      "약제분류번호": "",
      "약제 분류명": "nan",
      "구분": "[일반원칙] 흡입마취에 사용되는 약제",
      "세부인정기준 및 방법": "흡입마취에 사용되는 약제 중 일부 약제의 요양급여비용은 아래와 같이 산정하며, 동 사용량을 초과하여 투여하는 경우 에는 투여소견서를 첨부하...
2025-09-03 13:44:48,447 - WARNING - row_39: 질문 부족 (0개)
2025-09-03 13:44:48,448 - INFO - 완료: row_39 - 0개 질문
2025-09-03 13:44:49,069 - WARNING - 길이 제한 위반:  (0자)
2025-09-03 13:44:49,069 - WARNING - row_43: 질문 부족 (0개)
2025-09-03 13:44:49,069 - INFO - 완료: row_43 - 0개 질문
2025-09-03 13:44:54,055 - WARNING - 길이 제한 위반:  (0자)
2025-09-03 13:44:54,055 - WARNING - row_44: 질문 부족 (0개)
2025-09-03 13:44:54,055 - INFO - 완료: row_44 - 0개 질문
2025-09-03 13:44:57,953 - WARNING - 이름 사용 검증 실패: Levetiracetam 주사제의 단독요법 기준은 무엇인가요? ()
2025-09-03 13:44:57,953 - WARNING - row_50: 질문 부족 (0개)
2025-09-03 13:44:57,954 - INFO - 완료: row_50 - 0개 질문
2025-09-03 13:45:04,574 - WARNING - 길이 제한 위반:  (0자)
2025-09-03 13:45:04,575 - WARNING - row_51: 질문 부족 (0개)
2025-09-03 13:45:04,575 - INFO - 완료: row_51 - 0개 질문
2025-09-03 13:45:05,234 - WARNING - 길이 제한 위반:  (0자)
2025-09-03 13:45:05,234 - WARNING - row_47: 질문 부족 (0개)
2025-09-03 13:45:05,235 - INFO - 완료: row_47 - 0개 질문
2025-09-03 13:45:08,126 - WARNING - 길이 제한 위반:  (0자)
2025-09-03 13:45:08,126 - WARNING - row_46: 질문 부족 (0개)
2025-09-03 13:45:08,127 - INFO - 완료: row_46 - 0개 질문
2025-09-03 13:45:11,270 - WARNING - 길이 제한 위반:  (0자)
2025-09-03 13:45:11,270 - WARNING - row_48: 질문 부족 (0개)
2025-09-03 13:45:11,270 - INFO - 완료: row_48 - 0개 질문
2025-09-03 13:45:14,827 - WARNING - 길이 제한 위반:  (0자)
2025-09-03 13:45:14,827 - WARNING - row_49: 질문 부족 (0개)
2025-09-03 13:45:14,827 - INFO - 완료: row_49 - 0개 질문
2025-09-03 13:45:21,866 - ERROR - JSON 파싱 실패 for row_45: Unterminated string starting at: line 39 column 22 (char 5182)
2025-09-03 13:45:21,866 - ERROR - Response content: {
  "questions": [
    {
      "약제분류번호": "113.0",
      "약제 분류명": "항전간제",
      "구분": "Cannabidiol (품명 : 에피디올렉스 내복액)",
      "세부인정기준 및 방법": "식품의약품안전처장이 인정한 범위 내에서 아래와 같은 기준으로 투여 시 요양급여를 인정하며, 동 인정기준 이...
2025-09-03 13:45:21,866 - WARNING - row_45: 질문 부족 (0개)
2025-09-03 13:45:21,867 - INFO - 완료: row_45 - 0개 질문
2025-09-03 13:45:33,595 - WARNING - 길이 제한 위반:  (0자)
2025-09-03 13:45:33,595 - WARNING - row_55: 질문 부족 (0개)
2025-09-03 13:45:33,596 - INFO - 완료: row_55 - 0개 질문
2025-09-03 13:45:34,799 - WARNING - 길이 제한 위반:  (0자)
2025-09-03 13:45:34,801 - WARNING - row_57: 질문 부족 (0개)
2025-09-03 13:45:34,801 - INFO - 완료: row_57 - 0개 질문
2025-09-03 13:45:42,477 - WARNING - 길이 제한 위반:  (0자)
2025-09-03 13:45:42,477 - WARNING - row_52: 질문 부족 (0개)
2025-09-03 13:45:42,478 - INFO - 완료: row_52 - 0개 질문
2025-09-03 13:45:45,261 - WARNING - 길이 제한 위반:  (0자)
2025-09-03 13:45:45,261 - WARNING - row_56: 질문 부족 (0개)
2025-09-03 13:45:45,261 - INFO - 완료: row_56 - 0개 질문
2025-09-03 13:45:46,341 - WARNING - 길이 제한 위반:  (0자)
2025-09-03 13:45:46,341 - WARNING - row_53: 질문 부족 (0개)
2025-09-03 13:45:46,342 - INFO - 완료: row_53 - 0개 질문
2025-09-03 13:45:53,744 - ERROR - JSON 파싱 실패 for row_54: Unterminated string starting at: line 71 column 7 (char 5303)
2025-09-03 13:45:53,744 - ERROR - Response content: {
  "questions": [
    {
      "약제분류번호": "113.0",
      "약제 분류명": "항전간제",
      "구분": "Stiripentol 경구제 (품명 : 디아코미트)",
      "세부인정기준 및 방법": "식품의약품안전처장이 인정한 범위 내에서 아래와 같은 기준으로 투여 시 요양급여를 인정하며, 동 인정기준 이외...
2025-09-03 13:45:53,744 - WARNING - row_54: 질문 부족 (0개)
2025-09-03 13:45:53,745 - INFO - 완료: row_54 - 0개 질문
2025-09-03 13:45:59,152 - WARNING - 길이 제한 위반:  (0자)
2025-09-03 13:45:59,153 - WARNING - row_58: 질문 부족 (0개)
2025-09-03 13:45:59,154 - INFO - 완료: row_58 - 0개 질문
2025-09-03 13:46:04,059 - WARNING - 길이 제한 위반:  (0자)
2025-09-03 13:46:04,059 - WARNING - row_61: 질문 부족 (0개)
2025-09-03 13:46:04,059 - INFO - 완료: row_61 - 0개 질문
2025-09-03 13:46:05,675 - WARNING - 길이 제한 위반:  (0자)
2025-09-03 13:46:05,675 - WARNING - row_62: 질문 부족 (0개)
2025-09-03 13:46:05,675 - INFO - 완료: row_62 - 0개 질문
2025-09-03 13:46:15,237 - WARNING - 길이 제한 위반:  (0자)
2025-09-03 13:46:15,237 - WARNING - row_63: 질문 부족 (0개)
2025-09-03 13:46:15,237 - INFO - 완료: row_63 - 0개 질문
2025-09-03 13:46:17,939 - WARNING - 길이 제한 위반:  (0자)
2025-09-03 13:46:17,939 - WARNING - row_59: 질문 부족 (0개)
2025-09-03 13:46:17,940 - INFO - 완료: row_59 - 0개 질문
2025-09-03 13:46:19,581 - WARNING - 길이 제한 위반:  (0자)
2025-09-03 13:46:19,581 - WARNING - row_60: 질문 부족 (0개)
2025-09-03 13:46:19,582 - INFO - 완료: row_60 - 0개 질문
2025-09-03 13:46:32,940 - WARNING - 길이 제한 위반:  (0자)
2025-09-03 13:46:32,940 - WARNING - row_69: 질문 부족 (0개)
2025-09-03 13:46:32,940 - INFO - 완료: row_69 - 0개 질문
2025-09-03 13:46:33,040 - WARNING - 길이 제한 위반:  (0자)
2025-09-03 13:46:33,041 - WARNING - row_64: 질문 부족 (0개)
2025-09-03 13:46:33,041 - INFO - 완료: row_64 - 0개 질문
2025-09-03 13:46:37,093 - WARNING - 길이 제한 위반:  (0자)
2025-09-03 13:46:37,093 - WARNING - row_66: 질문 부족 (0개)
2025-09-03 13:46:37,094 - INFO - 완료: row_66 - 0개 질문
2025-09-03 13:46:40,802 - WARNING - 길이 제한 위반:  (0자)
2025-09-03 13:46:40,802 - WARNING - row_67: 질문 부족 (0개)
2025-09-03 13:46:40,803 - INFO - 완료: row_67 - 0개 질문
2025-09-03 13:46:44,817 - WARNING - 길이 제한 위반:  (0자)
2025-09-03 13:46:44,817 - WARNING - row_65: 질문 부족 (0개)
2025-09-03 13:46:44,817 - INFO - 완료: row_65 - 0개 질문
2025-09-03 13:46:44,843 - WARNING - 길이 제한 위반:  (0자)
2025-09-03 13:46:44,843 - WARNING - row_68: 질문 부족 (0개)
2025-09-03 13:46:44,843 - INFO - 완료: row_68 - 0개 질문
2025-09-03 13:46:54,659 - WARNING - 길이 제한 위반:  (0자)
2025-09-03 13:46:54,660 - WARNING - row_71: 질문 부족 (0개)
2025-09-03 13:46:54,660 - INFO - 완료: row_71 - 0개 질문
2025-09-03 13:47:03,232 - WARNING - 길이 제한 위반:  (0자)
2025-09-03 13:47:03,232 - WARNING - row_70: 질문 부족 (0개)
2025-09-03 13:47:03,233 - INFO - 완료: row_70 - 0개 질문
2025-09-03 13:47:04,204 - WARNING - 길이 제한 위반:  (0자)
2025-09-03 13:47:04,204 - WARNING - row_72: 질문 부족 (0개)
2025-09-03 13:47:04,205 - INFO - 완료: row_72 - 0개 질문
2025-09-03 13:47:06,440 - WARNING - 길이 제한 위반:  (0자)
2025-09-03 13:47:06,440 - WARNING - row_73: 질문 부족 (0개)
2025-09-03 13:47:06,440 - INFO - 완료: row_73 - 0개 질문
2025-09-03 13:47:12,925 - WARNING - 길이 제한 위반:  (0자)
2025-09-03 13:47:12,925 - WARNING - row_76: 질문 부족 (0개)
2025-09-03 13:47:12,925 - INFO - 완료: row_76 - 0개 질문
2025-09-03 13:47:17,939 - WARNING - 길이 제한 위반:  (0자)
2025-09-03 13:47:17,939 - WARNING - row_75: 질문 부족 (0개)
2025-09-03 13:47:17,940 - INFO - 완료: row_75 - 0개 질문
2025-09-03 13:47:24,819 - WARNING - 길이 제한 위반:  (0자)
2025-09-03 13:47:24,819 - WARNING - row_77: 질문 부족 (0개)
2025-09-03 13:47:24,820 - INFO - 완료: row_77 - 0개 질문
2025-09-03 13:47:26,164 - ERROR - JSON 파싱 실패 for row_74: Unterminated string starting at: line 25 column 19 (char 4999)
2025-09-03 13:47:26,164 - ERROR - Response content: 
{
  "data": [
    {
      "약제분류번호": "117.0",
      "약제 분류명": "정신신경용제",
      "구분": "Duloxetine 경구제 (품명 : 심발타캡슐 등)",
      "세부인정기준 및 방법": "1. 허가사항 범위 내에서 투여 시 요양급여 함을 원칙으로 하며, 우울병은 아래와 같은 기준으로 투여 시 요양...
2025-09-03 13:47:26,164 - WARNING - row_74: 질문 부족 (0개)
2025-09-03 13:47:26,165 - INFO - 완료: row_74 - 0개 질문
2025-09-03 13:47:29,028 - WARNING - 길이 제한 위반:  (0자)
2025-09-03 13:47:29,029 - WARNING - row_78: 질문 부족 (0개)
2025-09-03 13:47:29,029 - INFO - 완료: row_78 - 0개 질문
2025-09-03 13:47:34,392 - WARNING - 길이 제한 위반:  (0자)
2025-09-03 13:47:34,392 - WARNING - row_79: 질문 부족 (0개)
2025-09-03 13:47:34,392 - INFO - 완료: row_79 - 0개 질문
2025-09-03 13:47:43,703 - WARNING - 길이 제한 위반:  (0자)
2025-09-03 13:47:43,703 - WARNING - row_82: 질문 부족 (0개)
2025-09-03 13:47:43,703 - INFO - 완료: row_82 - 0개 질문
2025-09-03 13:47:46,494 - WARNING - 길이 제한 위반:  (0자)
2025-09-03 13:47:46,495 - WARNING - row_80: 질문 부족 (0개)
2025-09-03 13:47:46,495 - INFO - 완료: row_80 - 0개 질문
2025-09-03 13:47:50,828 - WARNING - 길이 제한 위반:  (0자)
2025-09-03 13:47:50,828 - WARNING - row_84: 질문 부족 (0개)
2025-09-03 13:47:50,828 - INFO - 완료: row_84 - 0개 질문
2025-09-03 13:47:51,172 - WARNING - 길이 제한 위반:  (0자)
2025-09-03 13:47:51,172 - WARNING - row_83: 질문 부족 (0개)
2025-09-03 13:47:51,172 - INFO - 완료: row_83 - 0개 질문
2025-09-03 13:48:02,437 - ERROR - JSON 파싱 실패 for row_81: Unterminated string starting at: line 31 column 22 (char 4196)
2025-09-03 13:48:02,437 - ERROR - Response content: {
  "output": [
    {
      "약제분류번호": "117.0",
      "약제 분류명": "정신신경용제",
      "구분": "Sertraline HCl (품명 : 졸로푸트정 등), Paroxetine HCl (품명 : 세로자트정 등), Fluoxetine HCl (품명 : 푸로작캅셀 등), Mirtazapine (품명 : 레메론...
2025-09-03 13:48:02,437 - WARNING - row_81: 질문 부족 (0개)
2025-09-03 13:48:02,437 - INFO - 완료: row_81 - 0개 질문
2025-09-03 13:48:06,279 - WARNING - 길이 제한 위반:  (0자)
2025-09-03 13:48:06,280 - WARNING - row_86: 질문 부족 (0개)
2025-09-03 13:48:06,280 - INFO - 완료: row_86 - 0개 질문
2025-09-03 13:48:06,992 - WARNING - 길이 제한 위반:  (0자)
2025-09-03 13:48:06,992 - WARNING - row_87: 질문 부족 (0개)
2025-09-03 13:48:06,993 - INFO - 완료: row_87 - 0개 질문
2025-09-03 13:48:12,236 - WARNING - 길이 제한 위반:  (0자)
2025-09-03 13:48:12,236 - WARNING - row_85: 질문 부족 (0개)
2025-09-03 13:48:12,236 - INFO - 완료: row_85 - 0개 질문
2025-09-03 13:48:17,570 - WARNING - 길이 제한 위반:  (0자)
2025-09-03 13:48:17,570 - WARNING - row_88: 질문 부족 (0개)
2025-09-03 13:48:17,570 - INFO - 완료: row_88 - 0개 질문
2025-09-03 13:48:21,181 - WARNING - 길이 제한 위반:  (0자)
2025-09-03 13:48:21,181 - WARNING - row_89: 질문 부족 (0개)
2025-09-03 13:48:21,181 - INFO - 완료: row_89 - 0개 질문
2025-09-03 13:48:40,045 - WARNING - 길이 제한 위반:  (0자)
2025-09-03 13:48:40,045 - WARNING - row_91: 질문 부족 (0개)
2025-09-03 13:48:40,046 - INFO - 완료: row_91 - 0개 질문
2025-09-03 13:48:51,580 - WARNING - 길이 제한 위반:  (0자)
2025-09-03 13:48:51,580 - WARNING - row_95: 질문 부족 (0개)
2025-09-03 13:48:51,580 - INFO - 완료: row_95 - 0개 질문
2025-09-03 13:48:52,515 - WARNING - 길이 제한 위반:  (0자)
2025-09-03 13:48:52,515 - WARNING - row_90: 질문 부족 (0개)
2025-09-03 13:48:52,515 - INFO - 완료: row_90 - 0개 질문
2025-09-03 13:48:59,092 - ERROR - JSON 파싱 실패 for row_92: Unterminated string starting at: line 62 column 13 (char 6589)
2025-09-03 13:48:59,092 - ERROR - Response content: {
  "data": [
    {
      "약제분류번호": "119.0",
      "약제 분류명": "기타의 중추신경용약",
      "구분": "Dimethyl fumarate 경구제 (품명 : 텍피데라캡슐)",
      "세부인정기준 및 방법": "허가사항 범위 내에서 아래와 같은 기준으로 투여 시 요양급여를 인정하며, 동 인정기준 이외에는...
2025-09-03 13:48:59,093 - WARNING - row_92: 질문 부족 (0개)
2025-09-03 13:48:59,093 - INFO - 완료: row_92 - 0개 질문
2025-09-03 13:49:00,330 - ERROR - JSON 파싱 실패 for row_93: Unterminated string starting at: line 31 column 22 (char 4277)
2025-09-03 13:49:00,330 - ERROR - Response content: {
  "questions": [
    {
      "약제분류번호": "119.0",
      "약제 분류명": "기타의 중추신경용약",
      "구분": "Donepezil 경구제 (품명 : 아리셉트정 등), 패취제 (품명 : 도네리온패취 등)",
      "세부인정기준 및 방법": "1. 각 약제별 허가사항 범위 내에서 아래와 같은 기준으로 ...
2025-09-03 13:49:00,331 - WARNING - row_93: 질문 부족 (0개)
2025-09-03 13:49:00,331 - INFO - 완료: row_93 - 0개 질문
2025-09-03 13:49:06,470 - ERROR - JSON 파싱 실패 for row_94: Unterminated string starting at: line 47 column 22 (char 5609)
2025-09-03 13:49:06,470 - ERROR - Response content: {
  "data": [
    {
      "약제분류번호": "119.0",
      "약제 분류명": "기타의 중추신경용약",
      "구분": "Fingolimod HCl 경구제 (품명 : 피타렉스캡슐 0.5밀리그램)",
      "세부인정기준 및 방법": "허가사항 범위 내에서 아래와 같은 기준으로 투여 시 요양급여를 인정하며, 동 인정기준...
2025-09-03 13:49:06,470 - WARNING - row_94: 질문 부족 (0개)
2025-09-03 13:49:06,470 - INFO - 완료: row_94 - 0개 질문
2025-09-03 13:49:10,067 - WARNING - 길이 제한 위반:  (0자)
2025-09-03 13:49:10,067 - WARNING - row_96: 질문 부족 (0개)
2025-09-03 13:49:10,067 - INFO - 완료: row_96 - 0개 질문
2025-09-03 13:49:20,790 - WARNING - 길이 제한 위반:  (0자)
2025-09-03 13:49:20,791 - WARNING - row_99: 질문 부족 (0개)
2025-09-03 13:49:20,792 - INFO - 완료: row_99 - 0개 질문
2025-09-03 13:49:23,438 - WARNING - 길이 제한 위반:  (0자)
2025-09-03 13:49:23,438 - WARNING - row_97: 질문 부족 (0개)
2025-09-03 13:49:23,439 - INFO - 완료: row_97 - 0개 질문
2025-09-03 13:49:23,934 - WARNING - 길이 제한 위반:  (0자)
2025-09-03 13:49:23,934 - WARNING - row_100: 질문 부족 (0개)
2025-09-03 13:49:23,934 - INFO - 완료: row_100 - 0개 질문
2025-09-03 13:49:34,001 - WARNING - 길이 제한 위반:  (0자)
2025-09-03 13:49:34,002 - WARNING - row_101: 질문 부족 (0개)
2025-09-03 13:49:34,002 - INFO - 완료: row_101 - 0개 질문
2025-09-03 13:49:35,065 - WARNING - 길이 제한 위반:  (0자)
2025-09-03 13:49:35,067 - WARNING - row_98: 질문 부족 (0개)
2025-09-03 13:49:35,067 - INFO - 완료: row_98 - 0개 질문
2025-09-03 13:49:51,001 - ERROR - JSON 파싱 실패 for row_102: Unterminated string starting at: line 56 column 19 (char 5773)
2025-09-03 13:49:51,001 - ERROR - Response content: {
  "questions": [
    {
      "약제분류번호": "119.0",
      "약제 분류명": "기타의 중추신경용약",
      "구분": "Pitolisant hydrochloride 경구제 (품명 : 와킥스필름코팅정 5밀리그램 등)",
      "세부인정기준 및 방법": "허가사항 범위 내에서 수면장애의 국제적 분류(Inter...
2025-09-03 13:49:51,002 - WARNING - row_102: 질문 부족 (0개)
2025-09-03 13:49:51,002 - INFO - 완료: row_102 - 0개 질문
2025-09-03 13:49:52,824 - WARNING - 길이 제한 위반:  (0자)
2025-09-03 13:49:52,824 - WARNING - row_104: 질문 부족 (0개)
2025-09-03 13:49:52,824 - INFO - 완료: row_104 - 0개 질문
2025-09-03 13:49:58,525 - WARNING - 길이 제한 위반:  (0자)
2025-09-03 13:49:58,526 - WARNING - row_106: 질문 부족 (0개)
2025-09-03 13:49:58,526 - INFO - 완료: row_106 - 0개 질문
2025-09-03 13:50:03,727 - ERROR - JSON 파싱 실패 for row_103: Unterminated string starting at: line 63 column 22 (char 4920)
2025-09-03 13:50:03,727 - ERROR - Response content: {
  "questions": [
    {
      "약제분류번호": "119.0",
      "약제 분류명": "기타의 중추신경용약",
      "구분": "Pregabalin 서방형 경구제 (품명 : 리리카 CR 서방정 등)",
      "세부인정기준 및 방법": "허가사항 범위 내에서 아래와 같은 기준으로 투여 시 요양급여 함을 원칙으로 하며...
2025-09-03 13:50:03,727 - WARNING - row_103: 질문 부족 (0개)
2025-09-03 13:50:03,727 - INFO - 완료: row_103 - 0개 질문
2025-09-03 13:50:03,989 - WARNING - 길이 제한 위반:  (0자)
2025-09-03 13:50:03,989 - WARNING - row_107: 질문 부족 (0개)
2025-09-03 13:50:03,990 - INFO - 완료: row_107 - 0개 질문
2025-09-03 13:50:06,724 - ERROR - JSON 파싱 실패 for row_105: Unterminated string starting at: line 23 column 22 (char 5127)
2025-09-03 13:50:06,725 - ERROR - Response content: {
  "data": [
    {
      "약제분류번호": "119.0",
      "약제 분류명": "기타의 중추신경용약",
      "구분": "Risdiplam 경구제 (품명 : 에브리스디건조시럽)",
      "세부인정기준 및 방법": "1. 허가사항 범위 내에서 아래와 같은 기준으로 투여 시 요양급여를 인정하며, 동 인정기준 이외에는 약...
2025-09-03 13:50:06,725 - WARNING - row_105: 질문 부족 (0개)
2025-09-03 13:50:06,726 - INFO - 완료: row_105 - 0개 질문
2025-09-03 13:50:08,578 - WARNING - 길이 제한 위반:  (0자)
2025-09-03 13:50:08,579 - WARNING - row_108: 질문 부족 (0개)
2025-09-03 13:50:08,579 - INFO - 완료: row_108 - 0개 질문
2025-09-03 13:50:14,966 - WARNING - 길이 제한 위반:  (0자)
2025-09-03 13:50:14,966 - WARNING - row_109: 질문 부족 (0개)
2025-09-03 13:50:14,966 - INFO - 완료: row_109 - 0개 질문
2025-09-03 13:50:23,969 - WARNING - 길이 제한 위반:  (0자)
2025-09-03 13:50:23,969 - WARNING - row_110: 질문 부족 (0개)
2025-09-03 13:50:23,970 - INFO - 완료: row_110 - 0개 질문
2025-09-03 13:50:29,529 - WARNING - 길이 제한 위반:  (0자)
2025-09-03 13:50:29,529 - WARNING - row_112: 질문 부족 (0개)
2025-09-03 13:50:29,530 - INFO - 완료: row_112 - 0개 질문
2025-09-03 13:50:36,437 - WARNING - 길이 제한 위반:  (0자)
2025-09-03 13:50:36,437 - WARNING - row_114: 질문 부족 (0개)
2025-09-03 13:50:36,437 - INFO - 완료: row_114 - 0개 질문
2025-09-03 13:50:37,409 - WARNING - 길이 제한 위반:  (0자)
2025-09-03 13:50:37,410 - WARNING - row_115: 질문 부족 (0개)
2025-09-03 13:50:37,410 - INFO - 완료: row_115 - 0개 질문
2025-09-03 13:50:39,559 - WARNING - 길이 제한 위반:  (0자)
2025-09-03 13:50:39,559 - WARNING - row_113: 질문 부족 (0개)
2025-09-03 13:50:39,561 - INFO - 완료: row_113 - 0개 질문
2025-09-03 13:50:52,023 - WARNING - 길이 제한 위반:  (0자)
2025-09-03 13:50:52,023 - WARNING - row_116: 질문 부족 (0개)
2025-09-03 13:50:52,024 - INFO - 완료: row_116 - 0개 질문
2025-09-03 13:50:54,071 - WARNING - 길이 제한 위반:  (0자)
2025-09-03 13:50:54,072 - WARNING - row_117: 질문 부족 (0개)
2025-09-03 13:50:54,072 - INFO - 완료: row_117 - 0개 질문
2025-09-03 13:51:02,830 - WARNING - 길이 제한 위반:  (0자)
2025-09-03 13:51:02,830 - WARNING - row_118: 질문 부족 (0개)
2025-09-03 13:51:02,831 - INFO - 완료: row_118 - 0개 질문
2025-09-03 13:51:03,035 - WARNING - 길이 제한 위반:  (0자)
2025-09-03 13:51:03,035 - WARNING - row_120: 질문 부족 (0개)
2025-09-03 13:51:03,035 - INFO - 완료: row_120 - 0개 질문
2025-09-03 13:51:06,030 - WARNING - 길이 제한 위반:  (0자)
2025-09-03 13:51:06,030 - WARNING - row_119: 질문 부족 (0개)
2025-09-03 13:51:06,031 - INFO - 완료: row_119 - 0개 질문
2025-09-03 13:51:07,206 - WARNING - 길이 제한 위반:  (0자)
2025-09-03 13:51:07,213 - WARNING - row_121: 질문 부족 (0개)
2025-09-03 13:51:07,223 - INFO - 완료: row_121 - 0개 질문
2025-09-03 13:51:19,813 - WARNING - 길이 제한 위반:  (0자)
2025-09-03 13:51:19,813 - WARNING - row_123: 질문 부족 (0개)
2025-09-03 13:51:19,814 - INFO - 완료: row_123 - 0개 질문
2025-09-03 13:51:28,691 - WARNING - 길이 제한 위반:  (0자)
2025-09-03 13:51:28,692 - WARNING - row_126: 질문 부족 (0개)
2025-09-03 13:51:28,692 - INFO - 완료: row_126 - 0개 질문
2025-09-03 13:51:30,977 - WARNING - 길이 제한 위반:  (0자)
2025-09-03 13:51:30,978 - WARNING - row_124: 질문 부족 (0개)
2025-09-03 13:51:30,979 - INFO - 완료: row_124 - 0개 질문
2025-09-03 13:51:38,792 - ERROR - JSON 파싱 실패 for row_122: Unterminated string starting at: line 47 column 22 (char 4703)
2025-09-03 13:51:38,793 - ERROR - Response content: {
  "questions": [
    {
      "약제분류번호": "131.0",
      "약제 분류명": "안과용제",
      "구분": "Dexamethasone 700㎍ 이식제 (품명 : 오저덱스이식제 700㎍)",
      "세부인정기준 및 방법": "허가사항 범위 내에서 아래와 같은 기준으로 투여 시 요양 급여를 인정하며, 동 인정...
2025-09-03 13:51:38,793 - WARNING - row_122: 질문 부족 (0개)
2025-09-03 13:51:38,793 - INFO - 완료: row_122 - 0개 질문
2025-09-03 13:51:41,985 - WARNING - 길이 제한 위반:  (0자)
2025-09-03 13:51:41,985 - WARNING - row_125: 질문 부족 (0개)
2025-09-03 13:51:41,986 - INFO - 완료: row_125 - 0개 질문
2025-09-03 13:51:41,990 - WARNING - 길이 제한 위반:  (0자)
2025-09-03 13:51:41,990 - WARNING - row_111: 질문 부족 (0개)
2025-09-03 13:51:41,991 - INFO - 완료: row_111 - 0개 질문
2025-09-03 13:51:44,571 - WARNING - 길이 제한 위반:  (0자)
2025-09-03 13:51:44,572 - WARNING - row_128: 질문 부족 (0개)
2025-09-03 13:51:44,572 - INFO - 완료: row_128 - 0개 질문
2025-09-03 13:51:48,371 - WARNING - 길이 제한 위반:  (0자)
2025-09-03 13:51:48,372 - WARNING - row_127: 질문 부족 (0개)
2025-09-03 13:51:48,372 - INFO - 완료: row_127 - 0개 질문
2025-09-03 13:52:00,140 - WARNING - 길이 제한 위반:  (0자)
2025-09-03 13:52:00,140 - WARNING - row_132: 질문 부족 (0개)
2025-09-03 13:52:00,141 - INFO - 완료: row_132 - 0개 질문
2025-09-03 13:52:09,967 - WARNING - 길이 제한 위반:  (0자)
2025-09-03 13:52:09,967 - WARNING - row_134: 질문 부족 (0개)
2025-09-03 13:52:09,968 - INFO - 완료: row_134 - 0개 질문
2025-09-03 13:52:11,986 - WARNING - 길이 제한 위반:  (0자)
2025-09-03 13:52:11,987 - WARNING - row_131: 질문 부족 (0개)
2025-09-03 13:52:11,987 - INFO - 완료: row_131 - 0개 질문
2025-09-03 13:52:13,186 - WARNING - 길이 제한 위반:  (0자)
2025-09-03 13:52:13,186 - WARNING - row_130: 질문 부족 (0개)
2025-09-03 13:52:13,187 - INFO - 완료: row_130 - 0개 질문
2025-09-03 13:52:14,662 - WARNING - 길이 제한 위반:  (0자)
2025-09-03 13:52:14,663 - WARNING - row_133: 질문 부족 (0개)
2025-09-03 13:52:14,663 - INFO - 완료: row_133 - 0개 질문
2025-09-03 13:52:17,995 - WARNING - 길이 제한 위반:  (0자)
2025-09-03 13:52:17,995 - WARNING - row_129: 질문 부족 (0개)
2025-09-03 13:52:17,996 - INFO - 완료: row_129 - 0개 질문
2025-09-03 13:52:27,377 - WARNING - 길이 제한 위반:  (0자)
2025-09-03 13:52:27,377 - WARNING - row_135: 질문 부족 (0개)
2025-09-03 13:52:27,378 - INFO - 완료: row_135 - 0개 질문
2025-09-03 13:52:32,572 - WARNING - 길이 제한 위반:  (0자)
2025-09-03 13:52:32,572 - WARNING - row_136: 질문 부족 (0개)
2025-09-03 13:52:32,573 - INFO - 완료: row_136 - 0개 질문
2025-09-03 13:52:32,897 - WARNING - 길이 제한 위반:  (0자)
2025-09-03 13:52:32,898 - WARNING - row_137: 질문 부족 (0개)
2025-09-03 13:52:32,898 - INFO - 완료: row_137 - 0개 질문
2025-09-03 13:52:34,563 - WARNING - 길이 제한 위반:  (0자)
2025-09-03 13:52:34,563 - WARNING - row_138: 질문 부족 (0개)
2025-09-03 13:52:34,563 - INFO - 완료: row_138 - 0개 질문
2025-09-03 13:52:50,851 - WARNING - 길이 제한 위반:  (0자)
2025-09-03 13:52:50,851 - WARNING - row_140: 질문 부족 (0개)
2025-09-03 13:52:50,852 - INFO - 완료: row_140 - 0개 질문
2025-09-03 13:52:54,012 - WARNING - 길이 제한 위반:  (0자)
2025-09-03 13:52:54,012 - WARNING - row_141: 질문 부족 (0개)
2025-09-03 13:52:54,012 - INFO - 완료: row_141 - 0개 질문
2025-09-03 13:53:01,383 - WARNING - 길이 제한 위반:  (0자)
2025-09-03 13:53:01,383 - WARNING - row_139: 질문 부족 (0개)
2025-09-03 13:53:01,383 - INFO - 완료: row_139 - 0개 질문
2025-09-03 13:53:04,857 - WARNING - 길이 제한 위반:  (0자)
2025-09-03 13:53:04,857 - WARNING - row_142: 질문 부족 (0개)
2025-09-03 13:53:04,858 - INFO - 완료: row_142 - 0개 질문
2025-09-03 13:53:19,431 - WARNING - 길이 제한 위반:  (0자)
2025-09-03 13:53:19,432 - WARNING - row_147: 질문 부족 (0개)
2025-09-03 13:53:19,432 - INFO - 완료: row_147 - 0개 질문
2025-09-03 13:53:19,559 - WARNING - 길이 제한 위반:  (0자)
2025-09-03 13:53:19,559 - WARNING - row_146: 질문 부족 (0개)
2025-09-03 13:53:19,559 - INFO - 완료: row_146 - 0개 질문
2025-09-03 13:53:21,805 - WARNING - 길이 제한 위반:  (0자)
2025-09-03 13:53:21,805 - WARNING - row_145: 질문 부족 (0개)
2025-09-03 13:53:21,806 - INFO - 완료: row_145 - 0개 질문
2025-09-03 13:53:23,475 - ERROR - JSON 파싱 실패 for row_144: Unterminated string starting at: line 79 column 22 (char 5099)
2025-09-03 13:53:23,476 - ERROR - Response content: {
  "questions": [
    {
      "약제분류번호": "142.0",
      "약제 분류명": "자격료법제(비특이성 면역원제포함)",
      "구분": "Cyclosporine 주사제 (품명 : 산디문주 등)",
      "세부인정기준 및 방법": "1. 허가사항 범위 내에서 투여 시 요양급여 함을 원칙으로 함. 2. 허가사항 ...
2025-09-03 13:53:23,476 - WARNING - row_144: 질문 부족 (0개)
2025-09-03 13:53:23,476 - INFO - 완료: row_144 - 0개 질문
2025-09-03 13:53:23,581 - ERROR - JSON 파싱 실패 for row_143: Unterminated string starting at: line 23 column 22 (char 4468)
2025-09-03 13:53:23,582 - ERROR - Response content: {
  "questions": [
    {
      "약제분류번호": "142.0",
      "약제 분류명": "자격료법제(비특이성 면역원제포함)",
      "구분": "Cyclosporine 경구제 (품명 : 사이폴엔연질캅셀 등)",
      "세부인정기준 및 방법": "1. 허가사항 범위 내에서 투여 시 요양급여 함을 원칙으로 함. 2. 허...
2025-09-03 13:53:23,582 - WARNING - row_143: 질문 부족 (0개)
2025-09-03 13:53:23,582 - INFO - 완료: row_143 - 0개 질문
2025-09-03 13:53:34,106 - WARNING - 길이 제한 위반:  (0자)
2025-09-03 13:53:34,106 - WARNING - row_148: 질문 부족 (0개)
2025-09-03 13:53:34,106 - INFO - 완료: row_148 - 0개 질문
2025-09-03 13:53:42,582 - WARNING - 길이 제한 위반:  (0자)
2025-09-03 13:53:42,582 - WARNING - row_149: 질문 부족 (0개)
2025-09-03 13:53:42,583 - INFO - 완료: row_149 - 0개 질문
2025-09-03 13:53:44,543 - WARNING - 길이 제한 위반:  (0자)
2025-09-03 13:53:44,543 - WARNING - row_153: 질문 부족 (0개)
2025-09-03 13:53:44,543 - INFO - 완료: row_153 - 0개 질문
2025-09-03 13:53:46,352 - WARNING - 길이 제한 위반:  (0자)
2025-09-03 13:53:46,352 - WARNING - row_151: 질문 부족 (0개)
2025-09-03 13:53:46,353 - INFO - 완료: row_151 - 0개 질문
2025-09-03 13:53:52,885 - WARNING - 길이 제한 위반:  (0자)
2025-09-03 13:53:52,885 - WARNING - row_152: 질문 부족 (0개)
2025-09-03 13:53:52,885 - INFO - 완료: row_152 - 0개 질문
2025-09-03 13:53:54,457 - WARNING - 길이 제한 위반:  (0자)
2025-09-03 13:53:54,457 - WARNING - row_150: 질문 부족 (0개)
2025-09-03 13:53:54,458 - INFO - 완료: row_150 - 0개 질문
2025-09-03 13:54:08,947 - WARNING - 길이 제한 위반:  (0자)
2025-09-03 13:54:08,947 - WARNING - row_155: 질문 부족 (0개)
2025-09-03 13:54:08,947 - INFO - 완료: row_155 - 0개 질문
2025-09-03 13:54:16,168 - WARNING - 길이 제한 위반:  (0자)
2025-09-03 13:54:16,168 - WARNING - row_156: 질문 부족 (0개)
2025-09-03 13:54:16,169 - INFO - 완료: row_156 - 0개 질문
2025-09-03 13:54:20,898 - WARNING - 길이 제한 위반:  (0자)
2025-09-03 13:54:20,898 - WARNING - row_154: 질문 부족 (0개)
2025-09-03 13:54:20,899 - INFO - 완료: row_154 - 0개 질문
2025-09-03 13:54:22,775 - WARNING - 길이 제한 위반:  (0자)
2025-09-03 13:54:22,775 - WARNING - row_158: 질문 부족 (0개)
2025-09-03 13:54:22,776 - INFO - 완료: row_158 - 0개 질문
2025-09-03 13:54:29,958 - WARNING - 길이 제한 위반:  (0자)
2025-09-03 13:54:29,958 - WARNING - row_157: 질문 부족 (0개)
2025-09-03 13:54:29,959 - INFO - 완료: row_157 - 0개 질문
2025-09-03 13:54:35,431 - WARNING - 길이 제한 위반:  (0자)
2025-09-03 13:54:35,431 - WARNING - row_159: 질문 부족 (0개)
2025-09-03 13:54:35,432 - INFO - 완료: row_159 - 0개 질문
2025-09-03 13:54:42,377 - WARNING - 길이 제한 위반:  (0자)
2025-09-03 13:54:42,378 - WARNING - row_161: 질문 부족 (0개)
2025-09-03 13:54:42,378 - INFO - 완료: row_161 - 0개 질문
2025-09-03 13:54:53,509 - WARNING - 길이 제한 위반:  (0자)
2025-09-03 13:54:53,509 - WARNING - row_163: 질문 부족 (0개)
2025-09-03 13:54:53,510 - INFO - 완료: row_163 - 0개 질문
2025-09-03 13:54:56,499 - WARNING - 길이 제한 위반:  (0자)
2025-09-03 13:54:56,499 - WARNING - row_162: 질문 부족 (0개)
2025-09-03 13:54:56,499 - INFO - 완료: row_162 - 0개 질문
2025-09-03 13:55:03,693 - ERROR - JSON 파싱 실패 for row_160: Unterminated string starting at: line 63 column 22 (char 5061)
2025-09-03 13:55:03,693 - ERROR - Response content: {
  "data": [
    {
      "약제분류번호": "142.0",
      "약제 분류명": "자격료법제(비특이성 면역원제포함)",
      "구분": "Sirolimus 경구제 (품명 : 라파문정 1밀리그램 등)",
      "세부인정기준 및 방법": "1. 허가사항 범위 내에서 아래와 같은 기준으로 투여 시 요양급여를 인정하며, 동 ...
2025-09-03 13:55:03,693 - WARNING - row_160: 질문 부족 (0개)
2025-09-03 13:55:03,695 - INFO - 완료: row_160 - 0개 질문
2025-09-03 13:55:13,191 - WARNING - 길이 제한 위반:  (0자)
2025-09-03 13:55:13,191 - WARNING - row_166: 질문 부족 (0개)
2025-09-03 13:55:13,191 - INFO - 완료: row_166 - 0개 질문
2025-09-03 13:55:19,718 - ERROR - JSON 파싱 실패 for row_164: Unterminated string starting at: line 33 column 13 (char 5115)
2025-09-03 13:55:19,718 - ERROR - Response content: {
  "questions": [
    {
      "약제분류번호": "142.0",
      "약제 분류명": "자격료법제(비특이성 면역원제포함)",
      "구분": "Tralokinumab 주사제 (품명 : 아트랄자 프리필드시린지 150밀리그램)",
      "세부인정기준 및 방법": "허가사항 범위 내에서 아래와 같은 기준으로 투여 시 요...
2025-09-03 13:55:19,718 - WARNING - row_164: 질문 부족 (0개)
2025-09-03 13:55:19,719 - INFO - 완료: row_164 - 0개 질문
2025-09-03 13:55:21,904 - ERROR - JSON 파싱 실패 for row_165: Unterminated string starting at: line 7 column 22 (char 165)
2025-09-03 13:55:21,904 - ERROR - Response content: {
  "data": [
    {
      "약제분류번호": "142.0",
      "약제 분류명": "자격료법제(비특이성 면역원제포함)",
      "구분": "Upadacitinib 경구제 (품명 : 린버크서방정 15밀리그램, 30밀리그램)",
      "세부인정기준 및 방법": "각 약제별 허가사항 범위 내에서 아래와 같은 기준으로 투여 시...
2025-09-03 13:55:21,904 - WARNING - row_165: 질문 부족 (0개)
2025-09-03 13:55:21,905 - INFO - 완료: row_165 - 0개 질문
2025-09-03 13:55:29,393 - WARNING - 길이 제한 위반:  (0자)
2025-09-03 13:55:29,393 - WARNING - row_169: 질문 부족 (0개)
2025-09-03 13:55:29,394 - INFO - 완료: row_169 - 0개 질문
2025-09-03 13:55:29,395 - WARNING - 길이 제한 위반:  (0자)
2025-09-03 13:55:29,395 - WARNING - row_167: 질문 부족 (0개)
2025-09-03 13:55:29,395 - INFO - 완료: row_167 - 0개 질문
2025-09-03 13:55:41,233 - ERROR - JSON 파싱 실패 for row_168: Unterminated string starting at: line 80 column 19 (char 5269)
2025-09-03 13:55:41,234 - ERROR - Response content: {
  "questions": [
    {
      "약제분류번호": "149.0",
      "약제 분류명": "기타의 알레르기용약",
      "구분": "Leukotriene 조절제 Montelukast 경구제 (품명 : 싱귤레어정 등, 싱귤레어츄정 등, 싱귤레어세립 등, 싱귤로드속붕정 등), Montelukast 및 levocetirizine...
2025-09-03 13:55:41,234 - WARNING - row_168: 질문 부족 (0개)
2025-09-03 13:55:41,234 - INFO - 완료: row_168 - 0개 질문
2025-09-03 13:55:43,241 - WARNING - 길이 제한 위반:  (0자)
2025-09-03 13:55:43,241 - WARNING - row_171: 질문 부족 (0개)
2025-09-03 13:55:43,242 - INFO - 완료: row_171 - 0개 질문
2025-09-03 13:55:45,980 - WARNING - 길이 제한 위반:  (0자)
2025-09-03 13:55:45,980 - WARNING - row_170: 질문 부족 (0개)
2025-09-03 13:55:45,981 - INFO - 완료: row_170 - 0개 질문
2025-09-03 13:55:50,346 - WARNING - 길이 제한 위반:  (0자)
2025-09-03 13:55:50,347 - WARNING - row_174: 질문 부족 (0개)
2025-09-03 13:55:50,347 - INFO - 완료: row_174 - 0개 질문
2025-09-03 13:55:53,566 - WARNING - 길이 제한 위반:  (0자)
2025-09-03 13:55:53,566 - WARNING - row_173: 질문 부족 (0개)
2025-09-03 13:55:53,567 - INFO - 완료: row_173 - 0개 질문
2025-09-03 13:56:03,218 - WARNING - 길이 제한 위반:  (0자)
2025-09-03 13:56:03,218 - WARNING - row_177: 질문 부족 (0개)
2025-09-03 13:56:03,219 - INFO - 완료: row_177 - 0개 질문
2025-09-03 13:56:05,055 - WARNING - 길이 제한 위반:  (0자)
2025-09-03 13:56:05,055 - WARNING - row_175: 질문 부족 (0개)
2025-09-03 13:56:05,055 - INFO - 완료: row_175 - 0개 질문
2025-09-03 13:56:07,427 - WARNING - 길이 제한 위반:  (0자)
2025-09-03 13:56:07,427 - WARNING - row_176: 질문 부족 (0개)
2025-09-03 13:56:07,428 - INFO - 완료: row_176 - 0개 질문
2025-09-03 13:56:19,072 - WARNING - 길이 제한 위반:  (0자)
2025-09-03 13:56:19,073 - WARNING - row_172: 질문 부족 (0개)
2025-09-03 13:56:19,074 - INFO - 완료: row_172 - 0개 질문
2025-09-03 13:56:21,742 - WARNING - 길이 제한 위반:  (0자)
2025-09-03 13:56:21,744 - WARNING - row_179: 질문 부족 (0개)
2025-09-03 13:56:21,745 - INFO - 완료: row_179 - 0개 질문
2025-09-03 13:56:22,379 - WARNING - 길이 제한 위반:  (0자)
2025-09-03 13:56:22,380 - WARNING - row_178: 질문 부족 (0개)
2025-09-03 13:56:22,380 - INFO - 완료: row_178 - 0개 질문
2025-09-03 13:56:27,709 - WARNING - 길이 제한 위반:  (0자)
2025-09-03 13:56:27,709 - WARNING - row_182: 질문 부족 (0개)
2025-09-03 13:56:27,710 - INFO - 완료: row_182 - 0개 질문
2025-09-03 13:56:31,692 - WARNING - 길이 제한 위반:  (0자)
2025-09-03 13:56:31,692 - WARNING - row_181: 질문 부족 (0개)
2025-09-03 13:56:31,693 - INFO - 완료: row_181 - 0개 질문
2025-09-03 13:56:31,847 - WARNING - 길이 제한 위반:  (0자)
2025-09-03 13:56:31,847 - WARNING - row_180: 질문 부족 (0개)
2025-09-03 13:56:31,847 - INFO - 완료: row_180 - 0개 질문
2025-09-03 13:56:48,814 - WARNING - 길이 제한 위반:  (0자)
2025-09-03 13:56:48,814 - WARNING - row_184: 질문 부족 (0개)
2025-09-03 13:56:48,815 - INFO - 완료: row_184 - 0개 질문
2025-09-03 13:56:51,253 - WARNING - 길이 제한 위반:  (0자)
2025-09-03 13:56:51,253 - WARNING - row_183: 질문 부족 (0개)
2025-09-03 13:56:51,254 - INFO - 완료: row_183 - 0개 질문
2025-09-03 13:56:58,184 - WARNING - 길이 제한 위반:  (0자)
2025-09-03 13:56:58,184 - WARNING - row_190: 질문 부족 (0개)
2025-09-03 13:56:58,185 - INFO - 완료: row_190 - 0개 질문
2025-09-03 13:57:03,209 - WARNING - 길이 제한 위반:  (0자)
2025-09-03 13:57:03,210 - WARNING - row_187: 질문 부족 (0개)
2025-09-03 13:57:03,210 - INFO - 완료: row_187 - 0개 질문
2025-09-03 13:57:03,818 - WARNING - 길이 제한 위반:  (0자)
2025-09-03 13:57:03,818 - WARNING - row_188: 질문 부족 (0개)
2025-09-03 13:57:03,820 - INFO - 완료: row_188 - 0개 질문
2025-09-03 13:57:04,167 - WARNING - 길이 제한 위반:  (0자)
2025-09-03 13:57:04,167 - WARNING - row_186: 질문 부족 (0개)
2025-09-03 13:57:04,168 - INFO - 완료: row_186 - 0개 질문
2025-09-03 13:57:04,269 - WARNING - 길이 제한 위반:  (0자)
2025-09-03 13:57:04,269 - WARNING - row_185: 질문 부족 (0개)
2025-09-03 13:57:04,269 - INFO - 완료: row_185 - 0개 질문
2025-09-03 13:57:16,563 - WARNING - 길이 제한 위반:  (0자)
2025-09-03 13:57:16,563 - WARNING - row_191: 질문 부족 (0개)
2025-09-03 13:57:16,564 - INFO - 완료: row_191 - 0개 질문
2025-09-03 13:57:22,951 - WARNING - 길이 제한 위반:  (0자)
2025-09-03 13:57:23,599 - WARNING - row_189: 질문 부족 (0개)
2025-09-03 13:57:23,600 - INFO - 완료: row_189 - 0개 질문
2025-09-03 13:57:26,525 - WARNING - 길이 제한 위반:  (0자)
2025-09-03 13:57:26,525 - WARNING - row_193: 질문 부족 (0개)
2025-09-03 13:57:26,526 - INFO - 완료: row_193 - 0개 질문
2025-09-03 13:57:30,467 - WARNING - 길이 제한 위반:  (0자)
2025-09-03 13:57:30,467 - WARNING - row_192: 질문 부족 (0개)
2025-09-03 13:57:30,467 - INFO - 완료: row_192 - 0개 질문
2025-09-03 13:57:30,727 - WARNING - 길이 제한 위반:  (0자)
2025-09-03 13:57:30,728 - WARNING - row_195: 질문 부족 (0개)
2025-09-03 13:57:30,728 - INFO - 완료: row_195 - 0개 질문
2025-09-03 13:57:50,427 - WARNING - 길이 제한 위반:  (0자)
2025-09-03 13:57:50,427 - WARNING - row_200: 질문 부족 (0개)
2025-09-03 13:57:50,427 - INFO - 완료: row_200 - 0개 질문
2025-09-03 13:57:52,617 - WARNING - 길이 제한 위반:  (0자)
2025-09-03 13:57:52,617 - WARNING - row_196: 질문 부족 (0개)
2025-09-03 13:57:52,619 - INFO - 완료: row_196 - 0개 질문
2025-09-03 13:57:52,760 - WARNING - 길이 제한 위반:  (0자)
2025-09-03 13:57:52,760 - WARNING - row_194: 질문 부족 (0개)
2025-09-03 13:57:52,761 - INFO - 완료: row_194 - 0개 질문
2025-09-03 13:57:55,665 - WARNING - 길이 제한 위반:  (0자)
2025-09-03 13:57:55,665 - WARNING - row_198: 질문 부족 (0개)
2025-09-03 13:57:55,665 - INFO - 완료: row_198 - 0개 질문
2025-09-03 13:58:12,455 - ERROR - JSON 파싱 실패 for row_197: Unterminated string starting at: line 31 column 22 (char 4588)
2025-09-03 13:58:12,455 - ERROR - Response content: {
  "data": [
    {
      "약제분류번호": "218.0",
      "약제 분류명": "동맥경화용제",
      "구분": "Alirocumab 주사제 (품명 : 프랄런트펜주 75밀리그램 등)",
      "세부인정기준 및 방법": "허가사항 범위 내에서 아래와 같은 기준으로 투여 시 요양 급여를 인정하며, 동 인정기준 이외에는 ...
2025-09-03 13:58:12,456 - WARNING - row_197: 질문 부족 (0개)
2025-09-03 13:58:12,456 - INFO - 완료: row_197 - 0개 질문
2025-09-03 13:58:18,205 - WARNING - 길이 제한 위반:  (0자)
2025-09-03 13:58:18,206 - WARNING - row_203: 질문 부족 (0개)
2025-09-03 13:58:18,206 - INFO - 완료: row_203 - 0개 질문
2025-09-03 13:58:20,964 - ERROR - JSON 파싱 실패 for row_199: Unterminated string starting at: line 63 column 22 (char 4685)
2025-09-03 13:58:20,964 - ERROR - Response content: {
  "questions": [
    {
      "약제분류번호": "218.0",
      "약제 분류명": "동맥경화용제",
      "구분": "Clopidogrel + Aspirin 복합경구제 (품명 : 클로스원캡슐 등)",
      "세부인정기준 및 방법": "아래의 허가사항 및 [일반원칙] 경구용 항혈전제(항혈소판제 및 Heparino...
2025-09-03 13:58:20,965 - WARNING - row_199: 질문 부족 (0개)
2025-09-03 13:58:20,965 - INFO - 완료: row_199 - 0개 질문
2025-09-03 13:58:21,565 - WARNING - 길이 제한 위반:  (0자)
2025-09-03 13:58:21,565 - WARNING - row_201: 질문 부족 (0개)
2025-09-03 13:58:21,566 - INFO - 완료: row_201 - 0개 질문
2025-09-03 13:58:27,012 - WARNING - 길이 제한 위반:  (0자)
2025-09-03 13:58:27,014 - WARNING - row_202: 질문 부족 (0개)
2025-09-03 13:58:27,014 - INFO - 완료: row_202 - 0개 질문
2025-09-03 13:58:29,358 - WARNING - 길이 제한 위반:  (0자)
2025-09-03 13:58:29,358 - WARNING - row_205: 질문 부족 (0개)
2025-09-03 13:58:29,359 - INFO - 완료: row_205 - 0개 질문
2025-09-03 13:58:30,328 - WARNING - 길이 제한 위반:  (0자)
2025-09-03 13:58:30,331 - WARNING - row_204: 질문 부족 (0개)
2025-09-03 13:58:30,331 - INFO - 완료: row_204 - 0개 질문
2025-09-03 13:58:45,159 - WARNING - 길이 제한 위반:  (0자)
2025-09-03 13:58:45,159 - WARNING - row_206: 질문 부족 (0개)
2025-09-03 13:58:45,159 - INFO - 완료: row_206 - 0개 질문
2025-09-03 13:58:47,582 - WARNING - 길이 제한 위반:  (0자)
2025-09-03 13:58:47,582 - WARNING - row_208: 질문 부족 (0개)
2025-09-03 13:58:47,654 - INFO - 완료: row_208 - 0개 질문
2025-09-03 13:58:50,264 - WARNING - 길이 제한 위반:  (0자)
2025-09-03 13:58:50,460 - WARNING - row_207: 질문 부족 (0개)
2025-09-03 13:58:50,460 - INFO - 완료: row_207 - 0개 질문
2025-09-03 13:58:54,339 - WARNING - 길이 제한 위반:  (0자)
2025-09-03 13:58:54,339 - WARNING - row_210: 질문 부족 (0개)
2025-09-03 13:58:54,339 - INFO - 완료: row_210 - 0개 질문
2025-09-03 13:58:55,786 - WARNING - 길이 제한 위반:  (0자)
2025-09-03 13:58:55,786 - WARNING - row_211: 질문 부족 (0개)
2025-09-03 13:58:55,786 - INFO - 완료: row_211 - 0개 질문
2025-09-03 13:58:59,354 - WARNING - 길이 제한 위반:  (0자)
2025-09-03 13:58:59,354 - WARNING - row_209: 질문 부족 (0개)
2025-09-03 13:58:59,540 - INFO - 완료: row_209 - 0개 질문
2025-09-03 13:59:15,890 - WARNING - 길이 제한 위반:  (0자)
2025-09-03 13:59:15,892 - WARNING - row_213: 질문 부족 (0개)
2025-09-03 13:59:15,892 - INFO - 완료: row_213 - 0개 질문
2025-09-03 13:59:18,607 - WARNING - 길이 제한 위반:  (0자)
2025-09-03 13:59:18,607 - WARNING - row_215: 질문 부족 (0개)
2025-09-03 13:59:18,608 - INFO - 완료: row_215 - 0개 질문
2025-09-03 13:59:23,718 - WARNING - 길이 제한 위반:  (0자)
2025-09-03 13:59:23,718 - WARNING - row_214: 질문 부족 (0개)
2025-09-03 13:59:23,718 - INFO - 완료: row_214 - 0개 질문
2025-09-03 13:59:29,597 - ERROR - JSON 파싱 실패 for row_212: Unterminated string starting at: line 48 column 22 (char 5178)
2025-09-03 13:59:29,795 - ERROR - Response content: 
{
  "data": [
    {
      "약제분류번호": "219.0",
      "약제 분류명": "기타의 순환계용약",
      "구분": "Alprostadil a-cyclodextrin 주사제 (품명 : 알푸로덱스주 20마이크로그램)",
      "세부인정기준 및 방법": "1. 허가사항 범위 내에서 투여 시 요양급여 함을 원칙으로 함...
2025-09-03 13:59:29,795 - WARNING - row_212: 질문 부족 (0개)
2025-09-03 13:59:29,795 - INFO - 완료: row_212 - 0개 질문
2025-09-03 13:59:29,925 - WARNING - 길이 제한 위반:  (0자)
2025-09-03 13:59:29,925 - WARNING - row_217: 질문 부족 (0개)
2025-09-03 13:59:29,926 - INFO - 완료: row_217 - 0개 질문
2025-09-03 13:59:32,852 - WARNING - 길이 제한 위반:  (0자)
2025-09-03 13:59:32,852 - WARNING - row_218: 질문 부족 (0개)
2025-09-03 13:59:32,852 - INFO - 완료: row_218 - 0개 질문
2025-09-03 13:59:37,889 - WARNING - 길이 제한 위반:  (0자)
2025-09-03 13:59:37,889 - WARNING - row_216: 질문 부족 (0개)
2025-09-03 13:59:37,890 - INFO - 완료: row_216 - 0개 질문
2025-09-03 13:59:52,699 - WARNING - 길이 제한 위반:  (0자)
2025-09-03 13:59:52,699 - WARNING - row_222: 질문 부족 (0개)
2025-09-03 13:59:52,699 - INFO - 완료: row_222 - 0개 질문
2025-09-03 13:59:53,753 - WARNING - 길이 제한 위반:  (0자)
2025-09-03 13:59:53,754 - WARNING - row_219: 질문 부족 (0개)
2025-09-03 13:59:53,754 - INFO - 완료: row_219 - 0개 질문
2025-09-03 13:59:55,592 - WARNING - 길이 제한 위반:  (0자)
2025-09-03 13:59:55,592 - WARNING - row_220: 질문 부족 (0개)
2025-09-03 13:59:55,593 - INFO - 완료: row_220 - 0개 질문
2025-09-03 13:59:59,893 - WARNING - 길이 제한 위반:  (0자)
2025-09-03 13:59:59,893 - WARNING - row_221: 질문 부족 (0개)
2025-09-03 13:59:59,894 - INFO - 완료: row_221 - 0개 질문
2025-09-03 14:00:11,682 - WARNING - 길이 제한 위반:  (0자)
2025-09-03 14:00:11,682 - WARNING - row_223: 질문 부족 (0개)
2025-09-03 14:00:11,683 - INFO - 완료: row_223 - 0개 질문
2025-09-03 14:00:19,358 - WARNING - 길이 제한 위반:  (0자)
2025-09-03 14:00:19,358 - WARNING - row_225: 질문 부족 (0개)
2025-09-03 14:00:19,358 - INFO - 완료: row_225 - 0개 질문
2025-09-03 14:00:20,977 - ERROR - JSON 파싱 실패 for row_224: Unterminated string starting at: line 65 column 13 (char 5442)
2025-09-03 14:00:20,977 - ERROR - Response content: {
  "questions": [
    {
      "약제분류번호": "219.0",
      "약제 분류명": "기타의 순환계용약",
      "구분": "Ivabradine 경구제 (품명 : 프로코라란정)",
      "세부인정기준 및 방법": "허가사항 범위 내에서 아래와 같은 기준으로 투여 시 요양 급여를 인정하며, 동 인정기준 이외에 투여...
2025-09-03 14:00:20,977 - WARNING - row_224: 질문 부족 (0개)
2025-09-03 14:00:20,977 - INFO - 완료: row_224 - 0개 질문
2025-09-03 14:00:24,017 - WARNING - 길이 제한 위반:  (0자)
2025-09-03 14:00:24,017 - WARNING - row_227: 질문 부족 (0개)
2025-09-03 14:00:24,017 - INFO - 완료: row_227 - 0개 질문
2025-09-03 14:00:26,643 - WARNING - 길이 제한 위반:  (0자)
2025-09-03 14:00:26,643 - WARNING - row_228: 질문 부족 (0개)
2025-09-03 14:00:26,645 - INFO - 완료: row_228 - 0개 질문
2025-09-03 14:00:32,574 - WARNING - 길이 제한 위반:  (0자)
2025-09-03 14:00:32,574 - WARNING - row_226: 질문 부족 (0개)
2025-09-03 14:00:32,575 - INFO - 완료: row_226 - 0개 질문
2025-09-03 14:00:45,221 - WARNING - 길이 제한 위반:  (0자)
2025-09-03 14:00:45,221 - WARNING - row_231: 질문 부족 (0개)
2025-09-03 14:00:45,221 - INFO - 완료: row_231 - 0개 질문
2025-09-03 14:00:49,471 - WARNING - 길이 제한 위반:  (0자)
2025-09-03 14:00:49,471 - WARNING - row_232: 질문 부족 (0개)
2025-09-03 14:00:49,473 - INFO - 완료: row_232 - 0개 질문
2025-09-03 14:00:51,847 - WARNING - 길이 제한 위반:  (0자)
2025-09-03 14:00:51,849 - WARNING - row_230: 질문 부족 (0개)
2025-09-03 14:00:51,849 - INFO - 완료: row_230 - 0개 질문
2025-09-03 14:00:52,561 - WARNING - 길이 제한 위반:  (0자)
2025-09-03 14:00:52,561 - WARNING - row_229: 질문 부족 (0개)
2025-09-03 14:00:52,561 - INFO - 완료: row_229 - 0개 질문
2025-09-03 14:00:58,683 - WARNING - 길이 제한 위반:  (0자)
2025-09-03 14:00:58,683 - WARNING - row_234: 질문 부족 (0개)
2025-09-03 14:00:58,683 - INFO - 완료: row_234 - 0개 질문
2025-09-03 14:01:05,872 - WARNING - 길이 제한 위반:  (0자)
2025-09-03 14:01:05,872 - WARNING - row_233: 질문 부족 (0개)
2025-09-03 14:01:05,872 - INFO - 완료: row_233 - 0개 질문
2025-09-03 14:01:16,525 - WARNING - 길이 제한 위반:  (0자)
2025-09-03 14:01:16,525 - WARNING - row_237: 질문 부족 (0개)
2025-09-03 14:01:16,526 - INFO - 완료: row_237 - 0개 질문
2025-09-03 14:01:28,447 - WARNING - 길이 제한 위반:  (0자)
2025-09-03 14:01:28,447 - WARNING - row_236: 질문 부족 (0개)
2025-09-03 14:01:28,447 - INFO - 완료: row_236 - 0개 질문
2025-09-03 14:01:40,793 - WARNING - 길이 제한 위반:  (0자)
2025-09-03 14:01:40,793 - WARNING - row_235: 질문 부족 (0개)
2025-09-03 14:01:40,793 - INFO - 완료: row_235 - 0개 질문
2025-09-03 14:01:45,590 - WARNING - 길이 제한 위반:  (0자)
2025-09-03 14:01:45,590 - WARNING - row_241: 질문 부족 (0개)
2025-09-03 14:01:45,590 - INFO - 완료: row_241 - 0개 질문
2025-09-03 14:01:52,017 - ERROR - JSON 파싱 실패 for row_238: Unterminated string starting at: line 31 column 22 (char 5012)
2025-09-03 14:01:52,018 - ERROR - Response content: {
  "data": [
    {
      "약제분류번호": "219.0",
      "약제 분류명": "기타의 순환계용약",
      "구분": "Tolvaptan 경구제 (품명 : 삼스카정 15밀리그램 등)",
      "세부인정기준 및 방법": "허가사항 범위 내에서 아래와 같은 기준으로 투여 시 요양 급여를 인정하며, 동 인정기준 이외에 투...
2025-09-03 14:01:52,018 - WARNING - row_238: 질문 부족 (0개)
2025-09-03 14:01:52,018 - INFO - 완료: row_238 - 0개 질문
2025-09-03 14:01:54,895 - ERROR - JSON 파싱 실패 for row_239: Unterminated string starting at: line 53 column 17 (char 5574)
2025-09-03 14:01:54,895 - ERROR - Response content: {
  "questions": [
    {
      "약제분류번호": "219.0",
      "약제 분류명": "기타의 순환계용약",
      "구분": "Vericiguat 경구제 (품명 : 베르쿠보정 2.5mg 등)",
      "세부인정기준 및 방법": "허가사항 범위 내에서 아래와 같은 기준으로 투여 시 요양 급여를 인정하며, 동 인정기준...
2025-09-03 14:01:54,895 - WARNING - row_239: 질문 부족 (0개)
2025-09-03 14:01:54,896 - INFO - 완료: row_239 - 0개 질문
2025-09-03 14:01:54,971 - WARNING - 길이 제한 위반:  (0자)
2025-09-03 14:01:54,972 - WARNING - row_240: 질문 부족 (0개)
2025-09-03 14:01:54,972 - INFO - 완료: row_240 - 0개 질문
2025-09-03 14:02:14,154 - ERROR - JSON 파싱 실패 for row_242: Unterminated string starting at: line 71 column 22 (char 5022)
2025-09-03 14:02:14,154 - ERROR - Response content: {
  "result": [
    {
      "약제분류번호": "220.0",
      "약제 분류명": "호흡기관용약",
      "구분": "Vilanterol trifenatate + Fluticasone furoate 흡입제 (품명 : 렐바엘립타)",
      "세부인정기준 및 방법": "각 약제의 허가사항 범위 내에서 아래와 같은 기준으...
2025-09-03 14:02:14,155 - WARNING - row_242: 질문 부족 (0개)
2025-09-03 14:02:14,155 - INFO - 완료: row_242 - 0개 질문
2025-09-03 14:02:16,950 - WARNING - 길이 제한 위반:  (0자)
2025-09-03 14:02:16,950 - WARNING - row_244: 질문 부족 (0개)
2025-09-03 14:02:16,951 - INFO - 완료: row_244 - 0개 질문
2025-09-03 14:02:22,993 - WARNING - 길이 제한 위반:  (0자)
2025-09-03 14:02:22,993 - WARNING - row_245: 질문 부족 (0개)
2025-09-03 14:02:22,994 - INFO - 완료: row_245 - 0개 질문
2025-09-03 14:02:25,983 - ERROR - JSON 파싱 실패 for row_243: Unterminated string starting at: line 63 column 22 (char 5383)
2025-09-03 14:02:25,983 - ERROR - Response content: {
  "questions": [
    {
      "약제분류번호": "221.0",
      "약제 분류명": "호흡촉진제",
      "구분": "Caffeine citrate 주사제 (품명 : 네오카프주 등) Caffeine citrate 액제 (품명 : 네오카프액)",
      "세부인정기준 및 방법": "허가사항 범위 내에서 아래와 같은 ...
2025-09-03 14:02:25,985 - WARNING - row_243: 질문 부족 (0개)
2025-09-03 14:02:25,985 - INFO - 완료: row_243 - 0개 질문
2025-09-03 14:02:27,189 - WARNING - 길이 제한 위반:  (0자)
2025-09-03 14:02:27,190 - WARNING - row_246: 질문 부족 (0개)
2025-09-03 14:02:27,190 - INFO - 완료: row_246 - 0개 질문
2025-09-03 14:02:37,847 - WARNING - 길이 제한 위반:  (0자)
2025-09-03 14:02:37,847 - WARNING - row_248: 질문 부족 (0개)
2025-09-03 14:02:37,847 - INFO - 완료: row_248 - 0개 질문
2025-09-03 14:02:38,953 - WARNING - 길이 제한 위반:  (0자)
2025-09-03 14:02:38,953 - WARNING - row_247: 질문 부족 (0개)
2025-09-03 14:02:38,953 - INFO - 완료: row_247 - 0개 질문
2025-09-03 14:02:42,962 - WARNING - 길이 제한 위반:  (0자)
2025-09-03 14:02:42,962 - WARNING - row_252: 질문 부족 (0개)
2025-09-03 14:02:42,962 - INFO - 완료: row_252 - 0개 질문
2025-09-03 14:02:44,351 - WARNING - 길이 제한 위반:  (0자)
2025-09-03 14:02:44,351 - WARNING - row_250: 질문 부족 (0개)
2025-09-03 14:02:44,351 - INFO - 완료: row_250 - 0개 질문
2025-09-03 14:02:53,337 - WARNING - 길이 제한 위반:  (0자)
2025-09-03 14:02:53,337 - WARNING - row_249: 질문 부족 (0개)
2025-09-03 14:02:53,337 - INFO - 완료: row_249 - 0개 질문
2025-09-03 14:02:54,828 - WARNING - 길이 제한 위반:  (0자)
2025-09-03 14:02:54,828 - WARNING - row_254: 질문 부족 (0개)
2025-09-03 14:02:54,829 - INFO - 완료: row_254 - 0개 질문
2025-09-03 14:02:58,105 - WARNING - 길이 제한 위반:  (0자)
2025-09-03 14:02:58,106 - WARNING - row_251: 질문 부족 (0개)
2025-09-03 14:02:58,106 - INFO - 완료: row_251 - 0개 질문
2025-09-03 14:03:09,521 - WARNING - 길이 제한 위반:  (0자)
2025-09-03 14:03:09,521 - WARNING - row_253: 질문 부족 (0개)
2025-09-03 14:03:09,521 - INFO - 완료: row_253 - 0개 질문
2025-09-03 14:03:25,607 - WARNING - 길이 제한 위반:  (0자)
2025-09-03 14:03:25,607 - WARNING - row_258: 질문 부족 (0개)
2025-09-03 14:03:25,608 - INFO - 완료: row_258 - 0개 질문
2025-09-03 14:03:30,690 - WARNING - 길이 제한 위반:  (0자)
2025-09-03 14:03:30,690 - WARNING - row_257: 질문 부족 (0개)
2025-09-03 14:03:30,691 - INFO - 완료: row_257 - 0개 질문
2025-09-03 14:03:34,644 - INFO - 사용자에 의해 중단됨
