2025-09-02 18:10:17,314 - INFO - 엑셀 파일 로드 완료: 10행 4열
2025-09-02 18:10:17,315 - INFO - 컬럼 매핑 완료: ['code', 'code_name', 'title', 'text']
2025-09-02 18:10:17,317 - INFO - 데이터 전처리 완료: 11개 항목
2025-09-02 18:10:17,317 - INFO - 향상된 질문 생성 시작: 11개 항목
2025-09-02 18:10:27,891 - INFO - 완료: 경구용-뇌대사개선제-neuroprotective-agents_e2d6e30f - 20개 질문 생성
2025-09-02 18:10:29,295 - INFO - 완료: 간장용제_b54ee5da - 18개 질문 생성
2025-09-02 18:10:36,284 - INFO - 완료: 경구용-만성-b형간염치료제_4de1873e_p1 - 20개 질문 생성
2025-09-02 18:10:45,362 - INFO - 완료: 경구용-서방형제제-정제-캡슐제-과립제-분할-처방투여-기준_e6238925 - 20개 질문 생성
2025-09-02 18:10:46,616 - INFO - 완료: 경구용-만성-b형간염치료제_4de1873e_p2 - 22개 질문 생성
2025-09-02 18:10:55,856 - INFO - 완료: 경구용-항뇌전증약_007a2e28 - 15개 질문 생성
2025-09-02 18:10:57,446 - INFO - 완료: 경구용-항혈전제-항혈소판제-및-heparinoid-제제_98eb9ea0 - 20개 질문 생성
2025-09-02 18:11:05,449 - INFO - 완료: 고가의약품-급여관리에-관한-기준_bf30a270 - 21개 질문 생성
2025-09-02 18:11:06,733 - INFO - 완료: 고지혈증치료제_bf0f0df7 - 16개 질문 생성
2025-09-02 18:11:16,279 - INFO - 완료: 고혈압약제_f7a7936d - 23개 질문 생성
2025-09-02 18:11:17,908 - INFO - 완료: 골다공증치료제_06e81f46 - 20개 질문 생성
2025-09-02 18:11:17,913 - INFO - 결과 저장 완료: sample_embedding_v2.jsonl (11개 항목)
2025-09-02 18:11:17,955 - INFO - 질문별 결과 저장 완료: sample_embedding_v2_questions.xlsx (215개 질문)
2025-09-02 18:11:17,963 - INFO - 감사 로그 저장 완료: .\audit_log_v2.csv
2025-09-02 18:11:17,963 - INFO - 완료: 11개 항목, 215개 질문 생성 (평균 19.5개/항목)
2025-09-02 18:11:17,964 - INFO - 약제명 사용 분석:
2025-09-02 18:11:17,964 - INFO - - 주 약제명 추정: 37개 (17.2%)
2025-09-02 18:11:17,964 - INFO - - 품명 추정: 0개 (0.0%)
2025-09-02 18:11:17,964 - INFO - - 간접 지칭 추정: 36개 (16.7%)
2025-09-02 18:13:19,355 - INFO - 엑셀 파일 로드 완료: 688행 4열
2025-09-02 18:13:19,356 - INFO - 컬럼 매핑 완료: ['code', 'code_name', 'title', 'text']
2025-09-02 18:13:19,395 - INFO - 데이터 전처리 완료: 697개 항목
2025-09-02 18:13:19,395 - INFO - 향상된 질문 생성 시작: 697개 항목
2025-09-02 18:13:26,528 - INFO - 완료: 간장용제_b54ee5da - 21개 질문 생성
2025-09-02 18:13:26,793 - INFO - 완료: 경구용-서방형제제-정제-캡슐제-과립제-분할-처방투여-기준_e6238925 - 20개 질문 생성
2025-09-02 18:13:27,687 - INFO - 완료: 경구용-만성-b형간염치료제_4de1873e_p1 - 19개 질문 생성
2025-09-02 18:13:28,089 - INFO - 완료: 경구용-뇌대사개선제-neuroprotective-agents_e2d6e30f - 20개 질문 생성
2025-09-02 18:13:29,814 - INFO - 완료: 경구용-항뇌전증약_007a2e28 - 20개 질문 생성
2025-09-02 18:13:30,853 - INFO - 완료: 경구용-만성-b형간염치료제_4de1873e_p2 - 20개 질문 생성
2025-09-02 18:13:34,960 - INFO - 완료: 경구용-항혈전제-항혈소판제-및-heparinoid-제제_98eb9ea0 - 20개 질문 생성
2025-09-02 18:13:36,018 - INFO - 완료: 고혈압약제_f7a7936d - 20개 질문 생성
2025-09-02 18:13:37,276 - INFO - 완료: 고가의약품-급여관리에-관한-기준_bf30a270 - 19개 질문 생성
2025-09-02 18:13:37,516 - INFO - 완료: 고지혈증치료제_bf0f0df7 - 19개 질문 생성
2025-09-02 18:13:39,468 - INFO - 완료: 국민건강보험-요양급여의-기준에-관한-규칙-제5조제4항에-의하여-중증환자-_4dac691b - 21개 질문 생성
2025-09-02 18:13:40,659 - INFO - 완료: 골다공증치료제_06e81f46 - 20개 질문 생성
2025-09-02 18:13:42,931 - INFO - 완료: 국소지혈제_827be480 - 21개 질문 생성
2025-09-02 18:13:44,437 - INFO - 완료: 기관지천식-치료용흡입제_fd002e6b - 20개 질문 생성
2025-09-02 18:13:45,529 - INFO - 완료: 내용액제-시럽-및-현탁액-등_11d9589e - 19개 질문 생성
2025-09-02 18:13:49,319 - INFO - 완료: 당뇨병용제_d8ec4638_p1 - 20개 질문 생성
2025-09-02 18:13:52,339 - INFO - 완료: 뇌대사제제-및-뇌순환계용약-주사제_5e5af17c - 13개 질문 생성
2025-09-02 18:13:53,415 - INFO - 완료: 당뇨병용제_d8ec4638_p2 - 23개 질문 생성
2025-09-02 18:13:54,507 - INFO - 완료: 마약성-진통제_734bf09b - 19개 질문 생성
2025-09-02 18:13:54,555 - INFO - 완료: 당뇨병용제_d8ec4638_p3 - 25개 질문 생성
2025-09-02 18:13:57,022 - INFO - 완료: 동일성분-의약품-중복처방-관리에-관한-기준_19350e6f - 23개 질문 생성
2025-09-02 18:13:57,573 - INFO - 완료: 메르스-코로나바이러스-mers-cov-및-코로나바이러스-감염증-19-co_44942795 - 20개 질문 생성
2025-09-02 18:14:00,434 - INFO - 완료: 비용효과적인-함량-의약품-사용_a1ff2e03 - 19개 질문 생성
2025-09-02 18:14:00,670 - INFO - 완료: 보조생식술에-사용되는-호르몬-약제_006bcf99 - 20개 질문 생성
2025-09-02 18:14:02,430 - INFO - 완료: 병용금기-성분-특정연령대-금기-성분-및-임부금기-성분_ef79b2ea - 18개 질문 생성
2025-09-02 18:14:04,142 - INFO - 완료: 비결핵항산균-ntm-non-tuberculous-mycobacteria-_470ebd4e - 26개 질문 생성
2025-09-02 18:14:06,397 - INFO - 완료: 비타민제_718538bc - 20개 질문 생성
2025-09-02 18:14:07,225 - INFO - 완료: 안연고_71d95412 - 20개 질문 생성
2025-09-02 18:14:07,639 - INFO - 완료: 요오드-조영제_c3c4a91a - 20개 질문 생성
2025-09-02 18:14:10,219 - INFO - 완료: 암질환이-아닌-환자에서의-조혈모세포이식-전처치요법-conditioning_57a413c6 - 18개 질문 생성
2025-09-02 18:14:11,535 - INFO - 완료: 주사제의-자가주사-및-장기처방_d10963ea - 14개 질문 생성
2025-09-02 18:14:11,957 - INFO - 완료: 진해거담제_c3af7c35 - 21개 질문 생성
2025-09-02 18:14:14,956 - INFO - 완료: 폐경-후-호르몬요법-인정기준_356f508d - 22개 질문 생성
2025-09-02 18:14:16,694 - INFO - 완료: 폐동맥고혈압-약제_f4237727 - 20개 질문 생성
2025-09-02 18:14:17,010 - INFO - 완료: 폐경기증후군에-투여하는-약제_8a1ee62b - 16개 질문 생성
2025-09-02 18:14:17,268 - INFO - 완료: 항생제_1fcc6be9 - 19개 질문 생성
2025-09-02 18:14:19,960 - INFO - 완료: 필수경구약제_de4e7c5e - 20개 질문 생성
2025-09-02 18:14:24,067 - INFO - 완료: 항진균제_a5590977 - 19개 질문 생성
2025-09-02 18:14:24,897 - INFO - 완료: 항파킨슨-약제_629064fb - 20개 질문 생성
2025-09-02 18:14:26,205 - INFO - 완료: 항생제-및-항원충제_2f475ec0 - 21개 질문 생성
2025-09-02 18:14:27,795 - INFO - 완료: 흡입마취에-사용되는-약제_5449548c - 22개 질문 생성
2025-09-02 18:14:28,229 - INFO - 완료: 향정신성약물_562cf9d7 - 20개 질문 생성
2025-09-02 18:14:33,946 - INFO - 완료: probiotics-정장생균제_67580bf1 - 19개 질문 생성
2025-09-02 18:14:35,551 - INFO - 완료: 111.0_etomidate-주사제-품명-에토미데이트리푸로주 - 20개 질문 생성
2025-09-02 18:14:35,766 - INFO - 완료: 112.0_midazolam-주사제-품명-바스캄주-등 - 20개 질문 생성
2025-09-02 18:14:36,213 - INFO - 완료: 111.0_ketamine-hcl-주사제-품명-휴온스-염산케타민주-등 - 20개 질문 생성
2025-09-02 18:14:36,340 - INFO - 완료: 111.0_propofol-주사제-품명-포폴주사-등 - 20개 질문 생성
2025-09-02 18:14:38,454 - INFO - 완료: 허가-또는-신고범위-초과-약제-비급여-사용승인에-관한-기준-및-절차_3feced53 - 18개 질문 생성
2025-09-02 18:14:41,665 - INFO - 완료: 113.0_cannabidiol-품명-에피디올렉스-내복액 - 19개 질문 생성
2025-09-02 18:14:42,991 - INFO - 완료: 113.0_gabapentin-경구제-품명-뉴론틴캡슐-등 - 19개 질문 생성
2025-09-02 18:14:43,378 - INFO - 완료: 113.0_carbamazepine-경구제-품명-테그레톨정-등 - 19개 질문 생성
2025-09-02 18:14:43,946 - INFO - 완료: 113.0_clonazepam-경구제-품명-리보트릴정-등 - 19개 질문 생성
2025-09-02 18:14:44,219 - INFO - 완료: 113.0_lamotrigine-경구제-품명-라믹탈정-등 - 19개 질문 생성
2025-09-02 18:14:46,349 - INFO - 완료: 113.0_levetiracetam-주사제-품명-큐팜주사500-밀리그램-등 - 21개 질문 생성
2025-09-02 18:14:48,157 - INFO - 완료: 113.0_primidone-경구제-품명-대웅프리미돈정 - 20개 질문 생성
2025-09-02 18:14:49,966 - INFO - 완료: 113.0_sodium-valproate-주사제-품명-데파킨주-등 - 19개 질문 생성
2025-09-02 18:14:51,724 - INFO - 완료: 113.0_rufinamide-경구제-품명-이노베론필름코팅정-100mg-등 - 19개 질문 생성
2025-09-02 18:14:52,369 - INFO - 완료: 113.0_stiripentol-경구제-품명-디아코미트 - 19개 질문 생성
2025-09-02 18:14:52,909 - INFO - 완료: 113.0_tetrabenazine-경구제-품명-세나진정 - 19개 질문 생성
2025-09-02 18:14:55,330 - INFO - 완료: 114.0_편두통-치료제 - 19개 질문 생성
2025-09-02 18:14:59,629 - INFO - 완료: 114.0_etoricoxib-경구제-품명-알콕시아정-30밀리그램-등 - 18개 질문 생성
2025-09-02 18:15:00,061 - INFO - 완료: 114.0_celecoxib-경구제-품명-쎄레브렉스캡슐-200밀리그람-등 - 19개 질문 생성
2025-09-02 18:15:01,161 - INFO - 완료: 114.0_자오가우슬방풍두충-구척흑두-건조엑스201300mg-품명-신바로캡슐-등 - 17개 질문 생성
2025-09-02 18:15:01,987 - INFO - 완료: 114.0_celecoxib-당귀목과방풍속단-오가피우슬위령선육계진교천궁천마홍화-25 - 13개 질문 생성
2025-09-02 18:15:02,411 - INFO - 완료: 114.0_loxoprofen-sodium-60mg-경구제-품명-동화록소닌정-등 - 18개 질문 생성
2025-09-02 18:15:03,829 - INFO - 완료: 114.0_methotrexate-프리필드시린지-주사제-품명-메토젝트주 - 17개 질문 생성
2025-09-02 18:15:06,252 - INFO - 완료: 114.0_polmacoxib-경구제-품명-아셀렉스캡슐-2밀리그램-등 - 19개 질문 생성
2025-09-02 18:15:07,699 - INFO - 완료: 114.0_propacetamol-hcl-주사제-품명-데노간주-등 - 19개 질문 생성
2025-09-02 18:15:08,667 - INFO - 완료: 115.0_methylphenidate-hcl-일반형-경구제-품명-페니드정-10밀리 - 19개 질문 생성
2025-09-02 18:15:11,520 - INFO - 완료: 117.0_agomelatine-경구제-품명-아고틴정-25밀리그램 - 19개 질문 생성
2025-09-02 18:15:11,671 - INFO - 완료: 117.0_blonanserin-경구제-품명-로나센정-2밀리그램-등 - 19개 질문 생성
2025-09-02 18:15:11,981 - INFO - 완료: 115.0_methylphenidate-hcl-서방형-경구제-품명-콘서타-oros- - 20개 질문 생성
2025-09-02 18:15:14,770 - INFO - 완료: 117.0_bupropion-100mg-경구제-품명-웰정 - 20개 질문 생성
2025-09-02 18:15:16,021 - INFO - 완료: 117.0_aripiprazole-주사제-품명-아빌리파이메인테나주-사-300밀리그램 - 20개 질문 생성
2025-09-02 18:15:19,166 - INFO - 완료: 117.0_bupropion-hcl-150mg-경구제-품명-웰부트린서방정-등 - 19개 질문 생성
2025-09-02 18:15:20,988 - INFO - 완료: 117.0_desvenlafaxine-경구제-품명-프리스틱-서방정-등 - 20개 질문 생성
2025-09-02 18:15:22,172 - INFO - 완료: 117.0_clozapine-경구제-품명-클로자릴정-등 - 19개 질문 생성
2025-09-02 18:15:22,692 - INFO - 완료: 117.0_duloxetine-경구제-품명-심발타캡슐-등 - 18개 질문 생성
2025-09-02 18:15:22,882 - INFO - 완료: 117.0_levomepromazine-maleate-경구제-품명-티세르신정 - 14개 질문 생성
2025-09-02 18:15:25,093 - INFO - 완료: 117.0_fluvoxamine-maleate-품명-듀미록스정-imipramine- - 19개 질문 생성
2025-09-02 18:15:26,600 - INFO - 완료: 117.0_lorazepam-주사제-품명-아티반주 - 20개 질문 생성
2025-09-02 18:15:29,957 - INFO - 완료: 117.0_paliperidone-palmitate-주사제-품명-인베가서스티나-주사 - 17개 질문 생성
2025-09-02 18:15:31,127 - INFO - 완료: 117.0_sertraline-hcl-품명-졸로푸트정-등-paroxetine-hcl - 19개 질문 생성
2025-09-02 18:15:31,787 - INFO - 완료: 117.0_quetiapine-fumarate-경구제-품명-쎄로켈정-등 - 18개 질문 생성
2025-09-02 18:15:33,418 - INFO - 완료: 117.0_risperidone-주사제-품명-리스페달콘스타-주사 - 19개 질문 생성
2025-09-02 18:15:33,945 - INFO - 완료: 117.0_sulpiride-경구제-품명-설피딘정-등 - 13개 질문 생성
2025-09-02 18:15:35,024 - INFO - 완료: 117.0_tandospirone-경구제-품명-세디엘정 - 20개 질문 생성
2025-09-02 18:15:39,831 - INFO - 완료: 117.0_vortioxetine-hydrobromide-경구제-품명-브린텔릭스정- - 17개 질문 생성
2025-09-02 18:15:40,565 - INFO - 완료: 119.0_alemtuzumab-주사제-품명-렘트라다주 - 19개 질문 생성
2025-09-02 18:15:41,233 - INFO - 완료: 119.0_amantadine-주사제-품명-피케이멜즈인퓨전주 - 20개 질문 생성
2025-09-02 18:15:41,706 - INFO - 완료: 119.0_atomoxetine-hcl-경구제-품명-스트라테라캡슐-등 - 20개 질문 생성
2025-09-02 18:15:41,874 - INFO - 완료: 119.0_amantadine-경구제-품명-피케이멜즈정-등 - 19개 질문 생성
2025-09-02 18:15:42,012 - INFO - 완료: 117.0_venlafaxine-hcl-서방경구제-품명-이팩사엑스알서방캅셀-등 - 19개 질문 생성
2025-09-02 18:15:47,593 - INFO - 완료: 119.0_dimethyl-fumarate-경구제-품명-텍피데라캡슐 - 20개 질문 생성
2025-09-02 18:15:47,840 - INFO - 완료: 119.0_donepezil-경구제-품명-아리셉트정-등-패취제-품명-도네리온패취-등 - 19개 질문 생성
2025-09-02 18:15:49,849 - INFO - 완료: 119.0_cladribine-경구제-품명-마벤클라드정 - 20개 질문 생성
2025-09-02 18:15:50,326 - INFO - 완료: 119.0_clonidine-hydrochloride-경구제-품명-웹베이서방정-01 - 18개 질문 생성
2025-09-02 18:15:51,267 - INFO - 완료: 119.0_fingolimod-hcl-경구제-품명-피타렉스캡슐-05밀리그램 - 17개 질문 생성
2025-09-02 18:15:51,535 - INFO - 완료: 119.0_fremanezumab-주사제-품명-아조비오토인젝터주-아조비프리필드시린지 - 20개 질문 생성
2025-09-02 18:15:57,521 - INFO - 완료: 119.0_memantine-경구제-품명-에빅사액-등-에빅사정-등 - 20개 질문 생성
2025-09-02 18:15:59,159 - INFO - 완료: 119.0_glatiramer-acetate-주사제-품명-코팍손프리-필드주-20mg - 16개 질문 생성
2025-09-02 18:16:00,330 - INFO - 완료: 119.0_modafinil-200mg-경구제-품명-프로비질정-등-armodafin - 20개 질문 생성
2025-09-02 18:16:01,064 - INFO - 완료: 119.0_nusinersen-sodium-주사제-품명-스핀라자주 - 19개 질문 생성
2025-09-02 18:16:08,196 - INFO - 완료: 119.0_pitolisant-hydrochloride-경구제-품명-와킥스필름코팅정 - 20개 질문 생성
2025-09-02 18:16:10,500 - INFO - 완료: 119.0_risdiplam-경구제-품명-에브리스디건조시럽 - 20개 질문 생성
2025-09-02 18:16:12,499 - INFO - 완료: 119.0_galantamine-경구제-품명-레미닐피알-서방캡슐-등 - 21개 질문 생성
2025-09-02 18:16:13,580 - INFO - 완료: 119.0_pregabalin-서방형-경구제-품명-리리카-cr-서방정-등 - 21개 질문 생성
2025-09-02 18:16:16,574 - INFO - 완료: 119.0_rivastigmine-제제-품명-엑셀론캡슐-엑셀론패취-등 - 19개 질문 생성
2025-09-02 18:16:16,713 - INFO - 완료: 119.0_galcanezumab-주사제-품명-앰젤러티120밀리그램-밀리리터프리필드 - 20개 질문 생성
2025-09-02 18:16:18,351 - INFO - 완료: 119.0_pregabalin-일반형-경구제-품명-리리카캡슐-등 - 21개 질문 생성
2025-09-02 18:16:18,605 - INFO - 완료: 119.0_satralizumab-주사제-품명-엔스프링프리필드시린-지주 - 20개 질문 생성
2025-09-02 18:16:21,411 - INFO - 완료: 119.0_teriflunomide-경구제-품명-오바지오필름-코팅정-등 - 22개 질문 생성
2025-09-02 18:16:23,070 - INFO - 완료: 121.0_lidocaine-hcl-주사제-품명-휴온스-리도카인-염산염-수화물주사- - 19개 질문 생성
2025-09-02 18:16:24,636 - INFO - 완료: 121.0_levobupivacaine-hcl-25mg-주사제-품명-카이로케인주 - 16개 질문 생성
2025-09-02 18:16:25,165 - INFO - 완료: 122.0_atracurium-besylate-주사제-품명-아트라주-등 - 14개 질문 생성
2025-09-02 18:16:26,896 - INFO - 완료: 122.0_eperisone-hydrochloride-경구제-품명-뮤렉스정-등 - 15개 질문 생성
2025-09-02 18:16:27,184 - INFO - 완료: 123.0_bethanechol-chloride-경구제-품명-마이토닌정-등 - 17개 질문 생성
2025-09-02 18:16:29,244 - INFO - 완료: 122.0_baclofen-주사제-품명-리오레살주-10mg5ml - 21개 질문 생성
2025-09-02 18:16:30,010 - INFO - 완료: 123.0_glycopyrrolate-주사제-품명-모비눌주-등 - 16개 질문 생성
2025-09-02 18:16:35,081 - INFO - 완료: 124.0_hyoscine-butylbromide-주사제-품명-프리판주-등 - 18개 질문 생성
2025-09-02 18:16:35,086 - INFO - 완료: 123.0_oxybutynin-경구제-품명-동화디트로판정-등 - 20개 질문 생성
2025-09-02 18:16:36,095 - INFO - 완료: 131.0_bilberry-fruit-dried-ext-경구제-품명-알코딘연질캡슐- - 19개 질문 생성
2025-09-02 18:16:36,884 - INFO - 완료: 129.0_tafamidis-meglumine-경구제-품명-빈다켈캡슐-20밀리그램 - 16개 질문 생성
2025-09-02 18:16:39,299 - INFO - 완료: 131.0_cyclosporin-005-외용제-품명-레스타시스점안액-등 - 23개 질문 생성
2025-09-02 18:16:42,093 - INFO - 완료: 131.0_natamycin-외용제-품명-나타신점안현탁액 - 19개 질문 생성
2025-09-02 18:16:42,273 - INFO - 완료: 131.0_cyclosporin-01-외용제-품명-아이커비스점안액 - 20개 질문 생성
2025-09-02 18:16:44,657 - INFO - 완료: 131.0_rebamipide-01g5ml-외용제-품명-레바아이점안액2-등-레바아이 - 18개 질문 생성
2025-09-02 18:16:44,833 - INFO - 완료: 131.0_omidenepag-isopropyl-외용제-품명-에이베리스-점안액000 - 15개 질문 생성
2025-09-02 18:16:47,201 - INFO - 완료: 131.0_dexamethasone-700-이식제-품명-오저덱스이식제-700 - 12개 질문 생성
2025-09-02 18:16:48,822 - INFO - 완료: 131.0_sodium-hyaluronate-18mg10ml-외용제-품명-비스메드점 - 17개 질문 생성
2025-09-02 18:16:51,992 - INFO - 완료: 131.0_tafluprost-외용제-품명-타플로탄점안액-00015-등 - 20개 질문 생성
2025-09-02 18:16:52,079 - INFO - 완료: 131.0_tosufloxacin-tosylate-외용제-품명-동아오젝스-점안액 - 19개 질문 생성
2025-09-02 18:16:53,127 - INFO - 완료: 131.0_verteporfin-주사제-품명-비쥬다인주 - 20개 질문 생성
2025-09-02 18:16:53,291 - INFO - 완료: 131.0_triamcinolone-acetonide-주사제-품명-마카이드주 - 14개 질문 생성
2025-09-02 18:16:55,811 - INFO - 완료: 131.0_voretigene-neparvovec-주사제-품명-럭스터나주 - 19개 질문 생성
2025-09-02 18:16:57,965 - INFO - 완료: 132.0_ciprofloxacin-hcl-dexamethasone-외용제-품명-실 - 11개 질문 생성
2025-09-02 18:16:58,582 - INFO - 완료: 141.0_desloratadine-경구제-품명-에리우스정 - 15개 질문 생성
2025-09-02 18:16:59,049 - INFO - 완료: 132.0_olopatadine-mometasone-furoate-외용제-품명-리알 - 17개 질문 생성
2025-09-02 18:17:00,821 - INFO - 완료: 132.0_micronized-ciclesonide-외용제-품명-옴나리스나잘스프레이 - 15개 질문 생성
2025-09-02 18:17:01,944 - INFO - 완료: 132.0_fluticasone-furoate-외용제-품명-아바미스나잘스프레이 - 19개 질문 생성
2025-09-02 18:17:05,527 - INFO - 완료: 141.0_rupatadine-경구제-품명-루파핀정 - 19개 질문 생성
2025-09-02 18:17:06,235 - INFO - 완료: 142.0_baricitinib-경구제-품명-올루미언트정-2밀리그램-등 - 20개 질문 생성
2025-09-02 18:17:06,816 - INFO - 완료: 141.0_piprinhydrinate-제제-품명-푸라콩-등 - 20개 질문 생성
2025-09-02 18:17:07,573 - INFO - 완료: 142.0_abrocitinib-경구제-품명-시빈코정-50100200밀리그램 - 21개 질문 생성
2025-09-02 18:17:12,639 - INFO - 완료: 142.0_basiliximab-주사제-품명-씨뮬렉트주사 - 20개 질문 생성
2025-09-02 18:17:14,454 - INFO - 완료: 142.0_cyclosporine-주사제-품명-산디문주-등 - 18개 질문 생성
2025-09-02 18:17:14,675 - INFO - 완료: 142.0_deucravacitinib-경구제-품명-소틱투정 - 20개 질문 생성
2025-09-02 18:17:16,074 - INFO - 완료: 142.0_dimethyl-fumarate-경구제-품명-스킬라렌스장용정-30밀리그램 - 19개 질문 생성
2025-09-02 18:17:16,819 - INFO - 완료: 142.0_belimumab-주사제-품명-벤리스타주-120밀리그램-등 - 20개 질문 생성
2025-09-02 18:17:20,079 - INFO - 완료: 142.0_cyclosporine-경구제-품명-사이폴엔연질캅셀-등 - 20개 질문 생성
2025-09-02 18:17:24,305 - INFO - 완료: 142.0_dupilumab-주사제-품명-듀피젠트프리필드주300-밀리그램-등 - 19개 질문 생성
2025-09-02 18:17:25,681 - INFO - 완료: 142.0_everolimus-경구제-품명-써티칸정-등 - 19개 질문 생성
2025-09-02 18:17:26,080 - INFO - 완료: 142.0_guselkumab-주사제-품명-트렘피어프리-필드시린지주-등 - 20개 질문 생성
2025-09-02 18:17:26,141 - INFO - 완료: 142.0_golimumab-주사제-품명-심퍼니프리-필드시린지주-50밀리그램-등 - 21개 질문 생성
2025-09-02 18:17:26,617 - INFO - 완료: 142.0_filgotinib-경구제-품명-지셀레카정-100밀리그램-등 - 20개 질문 생성
2025-09-02 18:17:29,825 - INFO - 완료: 142.0_ixekizumab-주사제-품명-탈츠프리-필드시린지주-등 - 18개 질문 생성
2025-09-02 18:17:32,324 - INFO - 완료: 142.0_leflunomide-경구제-품명-아라바정-등 - 19개 질문 생성
2025-09-02 18:17:36,133 - INFO - 완료: 142.0_mycophenolate-sodium-경구제-품명-마이폴틱장용정-등 - 17개 질문 생성
2025-09-02 18:17:36,236 - INFO - 완료: 142.0_ozanimod-경구제-품명-제포시아캡슐-092밀리그램-등 - 20개 질문 생성
2025-09-02 18:17:37,615 - INFO - 완료: 142.0_rabbit-anti-human-thymocyte-immunoglobul - 12개 질문 생성
2025-09-02 18:17:40,339 - INFO - 완료: 142.0_risankizumab-주사제-품명-스카이리치-프리필드시린지주-등 - 19개 질문 생성
2025-09-02 18:17:40,956 - INFO - 완료: 142.0_mycophenolate-mofetil-경구제-품명-셀셉트캡슐-등 - 15개 질문 생성
2025-09-02 18:17:42,229 - INFO - 완료: 142.0_secukinumab-주사제-품명-코센틱스센소레디펜-등 - 20개 질문 생성
2025-09-02 18:17:44,749 - INFO - 완료: 142.0_tacrolimus-제제-품명-프로그랍캅셀주사-등 - 20개 질문 생성
2025-09-02 18:17:47,439 - INFO - 완료: 142.0_sirolimus-경구제-품명-라파문정-1밀리그램-등 - 20개 질문 생성
2025-09-02 18:17:47,652 - INFO - 완료: 142.0_tocilizumab-주사제-품명-악템라주-악템라피하주사-162밀리그램 - 19개 질문 생성
2025-09-02 18:17:49,760 - INFO - 완료: 142.0_tralokinumab-주사제-품명-아트랄자-프리필드시린지-150밀리그램 - 19개 질문 생성
2025-09-02 18:17:50,587 - INFO - 완료: 142.0_tofacitinib-경구제-품명-젤잔즈정-5밀리그램-등 - 23개 질문 생성
2025-09-02 18:17:51,716 - INFO - 완료: 142.0_upadacitinib-경구제-품명-린버크서방정-15밀리그램-30밀리그램_p1 - 20개 질문 생성
2025-09-02 18:17:52,752 - INFO - 완료: 142.0_ustekinumab-주사제-품명-스텔라라-프리필드주-45mg-등 - 20개 질문 생성
2025-09-02 18:17:58,179 - INFO - 완료: 149.0_omalizumab-주사제-품명-졸레어주사-등 - 18개 질문 생성
2025-09-02 18:17:58,807 - INFO - 완료: 149.0_pemirolast-potassium-시럽제-품명-알레기살드라이시럽-등 - 18개 질문 생성
2025-09-02 18:17:59,645 - INFO - 완료: 211.0_caffeine-and-sodium-benzoate-주사제-품명-메조카주 - 14개 질문 생성
2025-09-02 18:18:00,135 - INFO - 완료: 149.0_leukotriene-조절제-montelukast-경구제-품명-싱귤레어정 - 19개 질문 생성
2025-09-02 18:18:03,751 - INFO - 완료: 149.0_epinastine-경구제-품명-아르기정-등 - 19개 질문 생성
2025-09-02 18:18:04,616 - INFO - 완료: 211.0_ubidecarenone-경구제-품명-데카키논캡슐 - 19개 질문 생성
2025-09-02 18:18:05,849 - INFO - 완료: 212.0_dronedarone-경구제-품명-멀택정 - 17개 질문 생성
2025-09-02 18:18:07,525 - INFO - 완료: 212.0_pilsicainide-hcl-경구제-품명-썬리듬캡슐 - 19개 질문 생성
2025-09-02 18:18:08,588 - INFO - 완료: 212.0_esmolol-hcl-주사제-품명-브레비블록주-등 - 20개 질문 생성
2025-09-02 18:18:10,649 - INFO - 완료: 212.0_arotinolol-hcl-경구제-품명-알말정-등 - 17개 질문 생성
2025-09-02 18:18:13,033 - INFO - 완료: 214.0_ambrisentan-경구제-품명-볼리브리스정-5밀리그램-등 - 20개 질문 생성
2025-09-02 18:18:13,919 - INFO - 완료: 212.0_propranolol-hcl-경구제-품명-인데놀정-등 - 19개 질문 생성
2025-09-02 18:18:15,169 - INFO - 완료: 214.0_bosentan-hydrate-경구제-품명-트라클리어정-625밀리그램-등 - 20개 질문 생성
2025-09-02 18:18:16,079 - INFO - 완료: 214.0_doxazosin-경구제-품명-카딜정-등 - 20개 질문 생성
2025-09-02 18:18:18,008 - INFO - 완료: 214.0_azilsartan-medoxomil-potassium-경구제-품명-이달 - 22개 질문 생성
2025-09-02 18:18:18,468 - INFO - 완료: 214.0_fimasartan-potassium-경구제-품명-카나브정-30mg-등 - 17개 질문 생성
2025-09-02 18:18:22,074 - INFO - 완료: 214.0_macitentan-경구제-품명-옵서미트정-10밀리그램-등 - 20개 질문 생성
2025-09-02 18:18:23,657 - INFO - 완료: 214.0_phenoxybenzamine-경구제-품명-디벤지란캡슐 - 20개 질문 생성
2025-09-02 18:18:23,847 - INFO - 완료: 214.0_iloprost-흡입액-품명-벤타비스흡입액 - 20개 질문 생성
2025-09-02 18:18:24,306 - INFO - 완료: 214.0_sildenafil-경구제-품명-파텐션정-20밀리그램-등 - 20개 질문 생성
2025-09-02 18:18:26,740 - INFO - 완료: 214.0_treprostinil-1mgml-25mgml-5mgml-주사제-품명-레 - 20개 질문 생성
2025-09-02 18:18:28,121 - INFO - 완료: 214.0_selexipag-경구제-품명-업트라비정-200마이크로그램-등 - 19개 질문 생성
2025-09-02 18:18:28,813 - INFO - 완료: 217.0_efonidipine-경구제-품명-핀테정-등 - 15개 질문 생성
2025-09-02 18:18:29,686 - INFO - 완료: 214.0_zofenopril-calcium-경구제-품명-조페닐정75밀리그램-15밀 - 15개 질문 생성
2025-09-02 18:18:32,357 - INFO - 완료: 217.0_nicorandil-주사제-품명-시그마트주48밀리그램 - 23개 질문 생성
2025-09-02 18:18:33,408 - INFO - 완료: 217.0_nifedipine-경구제-품명-아달라트오로스정30-등 - 20개 질문 생성
2025-09-02 18:18:36,716 - INFO - 완료: 217.0_verapamil-hcl-주사제-품명-일성이솔틴주사 - 18개 질문 생성
2025-09-02 18:18:36,896 - INFO - 완료: 217.0_nitroglycerin-주사제-품명-페링가니트01주사-등 - 20개 질문 생성
2025-09-02 18:18:37,524 - INFO - 완료: 217.0_nimodipine-경구제-품명-삼진니모디핀정-등 - 20개 질문 생성
2025-09-02 18:18:38,825 - INFO - 완료: 217.0_trimetazidine-경구제-품명-바스티난엠알서방정-바스티난정-등 - 20개 질문 생성
2025-09-02 18:18:39,933 - INFO - 완료: 218.0_clopidogrel-경구제-품명-피도글정-등 - 20개 질문 생성
2025-09-02 18:18:43,236 - INFO - 완료: 218.0_alirocumab-주사제-품명-프랄런트펜주-75밀리그램-등 - 24개 질문 생성
2025-09-02 18:18:45,207 - INFO - 완료: 218.0_ezetimibe-경구제-품명-이지트롤정-등 - 19개 질문 생성
2025-09-02 18:18:46,350 - INFO - 완료: 218.0_evolocumab-주사제-품명-레파타주-프리필드펜 - 20개 질문 생성
2025-09-02 18:18:47,901 - INFO - 완료: 218.0_ezetimibeatorvastatin-복합경구제-품명-아토젯정-등-ez - 14개 질문 생성
2025-09-02 18:18:48,365 - INFO - 완료: 218.0_clopidogrel-aspirin-복합경구제-품명-클로스원캡슐-등 - 11개 질문 생성
2025-09-02 18:18:51,093 - INFO - 완료: 218.0_ezetimibefenofibrate-복합경구제-품명-에제페노정 - 19개 질문 생성
2025-09-02 18:18:51,516 - INFO - 완료: 218.0_lovastatin-경구제-품명-로바로드정-등 - 19개 질문 생성
2025-09-02 18:18:57,780 - INFO - 완료: 219.0_고혈압치료제-고지혈증치료제-복합경구제 - 17개 질문 생성
2025-09-02 18:18:57,914 - INFO - 완료: 218.0_omega-3-acid-ethyl-esters-90-경구제-품명-오마코연 - 15개 질문 생성
2025-09-02 18:19:00,469 - INFO - 완료: 219.0_adenosine-주사제-품명-아데노코주사-등 - 17개 질문 생성
2025-09-02 18:19:00,549 - INFO - 완료: 218.0_omega-3-acid-ethyl-esters-90-rosuvastati - 13개 질문 생성
2025-09-02 18:19:01,223 - INFO - 완료: 219.0_abciximab-주사제-품명-클로티냅주-등 - 18개 질문 생성
2025-09-02 18:19:04,381 - INFO - 완료: 218.0_omega-3-acid-ethyl-esters-90-atorvastati - 12개 질문 생성
2025-09-02 18:19:06,162 - INFO - 완료: 219.0_alprostadil-주사제-품명-에글란딘주-등 - 19개 질문 생성
2025-09-02 18:19:08,300 - INFO - 완료: 219.0_alteplase-주사제-품명-액티라제주사 - 20개 질문 생성
2025-09-02 18:19:09,982 - INFO - 완료: 219.0_alprostadil-a-cyclodextrin-주사제-품명-알푸로덱스주 - 18개 질문 생성
2025-09-02 18:19:10,319 - INFO - 완료: 219.0_argatroban-주사제-품명-아가론주-등 - 18개 질문 생성
2025-09-02 18:19:15,522 - INFO - 완료: 219.0_citicoline-경구제-품명-소마지나정 - 20개 질문 생성
2025-09-02 18:19:15,955 - INFO - 완료: 219.0_citicoline-주사제-품명-참시티콜린주-등 - 20개 질문 생성
2025-09-02 18:19:16,217 - INFO - 완료: 219.0_aspirin-25mg-dipyridamole-200mg-경구제-품명-아 - 16개 질문 생성
2025-09-02 18:19:16,768 - INFO - 완료: 219.0_aspirin-경구제-품명-아스피린-프로텍트정-100밀리그람-등 - 21개 질문 생성
2025-09-02 18:19:18,752 - INFO - 완료: 219.0_ferric-citrate-경구제-품명-네폭실캡슐-500mg - 19개 질문 생성
2025-09-02 18:19:21,530 - INFO - 완료: 219.0_dobesilate-calcium-경구제-품명-일성독시움정-등 - 18개 질문 생성
2025-09-02 18:19:25,024 - INFO - 완료: 219.0_ginkgo-biloba-extract-경구제-품명-타나민정-기넥신에프정 - 19개 질문 생성
2025-09-02 18:19:25,993 - INFO - 완료: 219.0_finerenone-경구제-품명-케렌디아정-10밀리그램-등 - 19개 질문 생성
2025-09-02 18:19:26,146 - INFO - 완료: 219.0_kallidinogenase-경구제-품명-카나쿨린정-등 - 18개 질문 생성
2025-09-02 18:19:26,431 - INFO - 완료: 219.0_icatibant-주사제-품명-피라지르프리필드시린지 - 18개 질문 생성
2025-09-02 18:19:28,977 - INFO - 완료: 219.0_ivabradine-경구제-품명-프로코라란정 - 21개 질문 생성
2025-09-02 18:19:29,302 - INFO - 완료: 219.0_lanthanum-carbonate-경구제-품명-포스레놀정-등 - 18개 질문 생성
2025-09-02 18:19:32,663 - INFO - 완료: 219.0_l-carnitine-품명-엘칸정엘칸주사-등 - 18개 질문 생성
2025-09-02 18:19:34,961 - INFO - 완료: 219.0_nicergoline-5mg-10mg-경구제-품명-사미온정-등 - 14개 질문 생성
2025-09-02 18:19:36,358 - INFO - 완료: 219.0_milrinone-주사제-품명-프리마코주 - 19개 질문 생성
2025-09-02 18:19:36,565 - INFO - 완료: 219.0_limaprost-a-cyclodextrin-경구제-품명-동아오팔몬정-등 - 16개 질문 생성
2025-09-02 18:19:38,048 - INFO - 완료: 219.0_pentoxifylline-경구제-품명-트렌탈정400-등 - 21개 질문 생성
2025-09-02 18:19:41,592 - INFO - 완료: 219.0_sevelamer-hcl-400mg-800mg-경구제-품명-레나젤정-등- - 18개 질문 생성
2025-09-02 18:19:42,570 - INFO - 완료: 219.0_sacubitrilvalsartan-경구제-품명-엔트레스토필름코팅정-50 - 20개 질문 생성
2025-09-02 18:19:42,636 - INFO - 완료: 219.0_sodium-ozagrel-주사제-품명-키산본에스주 - 19개 질문 생성
2025-09-02 18:19:42,763 - INFO - 완료: 219.0_tenecteplase-주사제-품명-메탈라제주 - 14개 질문 생성
2025-09-02 18:19:45,425 - INFO - 완료: 219.0_sucroferric-oxyhydroxide-경구제-품명-벨포로츄어블정 - 18개 질문 생성
2025-09-02 18:19:48,425 - INFO - 완료: 219.0_tirofiban-hcl-품명-아그라스타트주 - 19개 질문 생성
2025-09-02 18:19:49,059 - INFO - 완료: 219.0_tolvaptan-경구제-품명-삼스카정-15밀리그램-등 - 20개 질문 생성
2025-09-02 18:19:50,946 - INFO - 완료: 219.0_vericiguat-경구제-품명-베르쿠보정-25mg-등 - 19개 질문 생성
2025-09-02 18:19:52,484 - INFO - 완료: 220.0_fluticasone-propionate-formoterol-흡입제-품명 - 17개 질문 생성
2025-09-02 18:19:54,328 - INFO - 완료: 220.0_vilanterol-trifenatate-fluticasone-furoa - 13개 질문 생성
2025-09-02 18:19:56,114 - INFO - 완료: 219.0_vitis-vinifera-ext-경구제-품명-엔테론정-50밀리그람-등 - 17개 질문 생성
2025-09-02 18:19:57,309 - INFO - 완료: 221.0_caffeine-citrate-주사제-품명-네오카프주-등-caffeine - 20개 질문 생성
2025-09-02 18:19:59,869 - INFO - 완료: 222.0_acetylcysteine-주사제-품명-뮤코스텐주-등 - 18개 질문 생성
2025-09-02 18:20:02,018 - INFO - 완료: 222.0_acetylcysteine-흡입액-품명-뮤코미스트액-등 - 20개 질문 생성
2025-09-02 18:20:02,644 - INFO - 완료: 222.0_ambroxol-hcl-주사제-품명-앰브로주사-등 - 20개 질문 생성
2025-09-02 18:20:03,164 - INFO - 완료: 222.0_beclomethasone-dipropionate-formoterol-흡 - 15개 질문 생성
2025-09-02 18:20:05,502 - INFO - 완료: 222.0_ciclesonide-외용제-품명-알베스코흡입제-16080 - 14개 질문 생성
2025-09-02 18:20:07,602 - INFO - 완료: 222.0_fluticasone-furoate-흡입제-품명-아뉴이티-100엘립타-등 - 20개 질문 생성
2025-09-02 18:20:09,703 - INFO - 완료: 222.0_formoterol-fumarate-micronizedbudeson-id - 21개 질문 생성
2025-09-02 18:20:11,085 - INFO - 완료: 222.0_ivy-leaf-30-ethanol-dried-ext-시럽제-품명-푸로스 - 17개 질문 생성
2025-09-02 18:20:12,246 - INFO - 완료: 222.0_salbutamol-sulfate-흡입액-품명-벤토린흡입액-등 - 15개 질문 생성
2025-09-02 18:20:12,294 - INFO - 완료: 222.0_salbutamol-경구제-품명-부광살부타몰정-등 - 20개 질문 생성
2025-09-02 18:20:15,941 - INFO - 완료: 222.0_salmeterol-xinafoate-fluticasone-propion - 14개 질문 생성
2025-09-02 18:20:16,357 - INFO - 완료: 229.0_만성폐쇄성폐질환-흡입용-치료제 - 21개 질문 생성
2025-09-02 18:20:21,134 - INFO - 완료: 229.0_beclometasone-dipropionate-formoterol-fu - 13개 질문 생성
2025-09-02 18:20:22,066 - INFO - 완료: 229.0_benralizumab-주사제-품명-파센라프리필드시린지주-30밀리그램 - 19개 질문 생성
2025-09-02 18:20:22,426 - INFO - 완료: 229.0_indacaterol-acetate-glycopyrronium-bromi - 15개 질문 생성
2025-09-02 18:20:24,402 - INFO - 완료: 229.0_indacaterol-acetate-mometasone-furoate-흡 - 15개 질문 생성
2025-09-02 18:20:25,505 - INFO - 완료: 229.0_mepolizumab-주사제-품명-누칼라주 - 19개 질문 생성
2025-09-02 18:20:26,011 - INFO - 완료: 229.0_lung-surfactant-폐계면활성제-주사제-품명-서팩텐-등 - 20개 질문 생성
2025-09-02 18:20:29,753 - INFO - 완료: 229.0_reslizumab-주사제-품명-싱케어주 - 20개 질문 생성
2025-09-02 18:20:32,198 - INFO - 완료: 229.0_pirfenidone-경구제-품명-피레스파정-200밀리그램-등 - 19개 질문 생성
2025-09-02 18:20:33,351 - INFO - 완료: 229.0_sivelestat-sodium-hydrate-주사제-품명-엘라스폴100 - 18개 질문 생성
2025-09-02 18:20:33,576 - INFO - 완료: 229.0_roflumilast-경구제-품명-닥사스정500-마이크로그램-등 - 20개 질문 생성
2025-09-02 18:20:37,022 - INFO - 완료: 229.0_tiotropium-흡입제-품명-스피리바흡입용캡슐-등-스피리바레스피맷 - 20개 질문 생성
2025-09-02 18:20:37,664 - INFO - 완료: 229.0_salmeterol-xinafoate-micronized-budesoni - 12개 질문 생성
2025-09-02 18:20:40,131 - INFO - 완료: 229.0_vilanterol-trifenatate-fluticasone-furoa - 14개 질문 생성
2025-09-02 18:20:40,433 - INFO - 완료: 231.0_가글-용제-품명-헥사메딘가글액-등 - 19개 질문 생성
2025-09-02 18:20:44,905 - INFO - 완료: 232.0_프로톤-펌프-억제-경구제-omeprazole-품명-유한로섹캡슐-등-lan - 17개 질문 생성
2025-09-02 18:20:45,101 - INFO - 완료: 231.0_doxycycline-hyclate-20mg-경구제-품명-덴티스타캡슐 - 15개 질문 생성
2025-09-02 18:20:45,479 - INFO - 완료: 232.0_artemisia-asiatica-95-ethanol-ext-경구제-품명 - 19개 질문 생성
2025-09-02 18:20:47,692 - INFO - 완료: 232.0_프로톤-펌프-억제-주사제-pantoprazole-sodium-품명-판토록 - 19개 질문 생성
2025-09-02 18:20:48,986 - INFO - 완료: 232.0_bismuth-경구제-품명-데놀정 - 19개 질문 생성
2025-09-02 18:20:50,072 - INFO - 완료: 232.0_fexuprazan-경구제-품명-펙수클루정-40밀리그램-등 - 18개 질문 생성
2025-09-02 18:20:52,524 - INFO - 완료: 232.0_irsogladine-maleate-경구제-품명-가스론엔정-2mg-등-4 - 17개 질문 생성
2025-09-02 18:20:54,628 - INFO - 완료: 232.0_ilaprazole-경구제-품명-놀텍정 - 19개 질문 생성
2025-09-02 18:20:55,299 - INFO - 완료: 232.0_lafutidine-경구제-품명-스토가정10mg-등 - 20개 질문 생성
2025-09-02 18:20:58,515 - INFO - 완료: 232.0_h2-수용체-길항-주사제-h2-receptor-antagonist-cim - 19개 질문 생성
2025-09-02 18:20:59,516 - INFO - 완료: 232.0_roxatidine-acetate-hcl-경구제-품명-록산캅셀-등 - 15개 질문 생성
2025-09-02 18:21:00,342 - INFO - 완료: 232.0_polaprezinc-경구제-품명-프로맥정-등 - 19개 질문 생성
2025-09-02 18:21:01,977 - INFO - 완료: 232.0_sulglycotide-경구제-품명-글립타이드정-200밀리그람 - 15개 질문 생성
2025-09-02 18:21:03,049 - INFO - 완료: 232.0_s-pantoprazole-경구제-품명-레토프라정-등 - 18개 질문 생성
2025-09-02 18:21:06,356 - INFO - 완료: 232.0_sodium-alginate-경구제-품명-라미나지액-등 - 18개 질문 생성
2025-09-02 18:21:07,594 - INFO - 완료: 235.0_항구토제-aprepitant-제제-granisetron-hcl-제제-on - 18개 질문 생성
2025-09-02 18:21:07,766 - INFO - 완료: 235.0_pyridoxine-hydrochloride-doxylamine-succ - 13개 질문 생성
2025-09-02 18:21:08,469 - INFO - 완료: 232.0_tegoprazan-경구제-품명-케이캡정-50밀리그램-등 - 22개 질문 생성
2025-09-02 18:21:12,644 - INFO - 완료: 238.0_prucalopride-succinate-경구제-품명-루칼로정-등 - 17개 질문 생성
2025-09-02 18:21:13,726 - INFO - 완료: 238.0_sodium-docusate-d-sorbitol-복합-제제-품명-얄액-등 - 18개 질문 생성
2025-09-02 18:21:16,921 - INFO - 완료: 239.0_calcium-polycarbophil-경구제-품명-실콘정-등 - 18개 질문 생성
2025-09-02 18:21:18,990 - INFO - 완료: 239.0_dexpanthenol-주사제-품명-덱스테놀주-등 - 18개 질문 생성
2025-09-02 18:21:20,146 - INFO - 완료: 239.0_beclomethasone-dipropionate-경구제-품명-클리퍼지속 - 19개 질문 생성
2025-09-02 18:21:20,495 - INFO - 완료: 239.0_mesalazine-제제-품명-펜타사-좌약-등 - 19개 질문 생성
2025-09-02 18:21:22,271 - INFO - 완료: 239.0_ecoli-strain-nissle-1917-동결건조물-14mg-경구제- - 14개 질문 생성
2025-09-02 18:21:23,402 - INFO - 완료: 239.0_migalastat-경구제-품명-갈라폴드캡슐 - 19개 질문 생성
2025-09-02 18:21:26,020 - INFO - 완료: 239.0_ramosetron-hcl-25-5-경구제-품명-이리보정 - 19개 질문 생성
2025-09-02 18:21:27,836 - INFO - 완료: 239.0_somatostatin-acetate-주사제-품명-소마토산주-등 - 17개 질문 생성
2025-09-02 18:21:29,181 - INFO - 완료: 241.0_desmopressin-acetate-주사제-품명-미니린주사액 - 18개 질문 생성
2025-09-02 18:21:29,393 - INFO - 완료: 241.0_desmopressin-acetate-경구제-품명-미니린정-등 - 19개 질문 생성
2025-09-02 18:21:33,091 - INFO - 완료: 241.0_somatrogon-주사제성장호르몬제-품명-엔젤라프리필드펜주-24mg-등 - 19개 질문 생성
2025-09-02 18:21:36,283 - INFO - 완료: 241.0_somatropin-서방형-주사제-성장호르몬제-품명-유트로핀플러스주-등 - 20개 질문 생성
2025-09-02 18:21:37,892 - INFO - 완료: 241.0_somatropin-주사제-성장호르몬제-품명-유트로핀주-등 - 19개 질문 생성
2025-09-02 18:21:39,046 - INFO - 완료: 241.0_vasopressin-20u-주사제-품명-한림-바소프레신-주사액 - 18개 질문 생성
2025-09-02 18:21:39,216 - INFO - 완료: 241.0_terlipressin-acetate-주사제-품명-글라이프레신주-등 - 15개 질문 생성
2025-09-02 18:21:41,141 - INFO - 완료: 243.0_teriparatide-주사제-품명-포스테오주-등 - 20개 질문 생성
2025-09-02 18:21:42,649 - INFO - 완료: 243.0_teriparatide-acetate-주사제-품명-테리본피하주사 - 17개 질문 생성
2025-09-02 18:21:45,215 - INFO - 완료: 245.0_budesonide-micronized-23mg-제제-품명-엔토코트 - 20개 질문 생성
2025-09-02 18:21:48,150 - INFO - 완료: 243.0_thyrotropin-주사제-품명-타이로젠주-등 - 20개 질문 생성
2025-09-02 18:21:48,414 - INFO - 완료: 244.0_oxymetholone-경구제-품명-셀트리온-옥시메톨론정 - 20개 질문 생성
2025-09-02 18:21:50,986 - INFO - 완료: 245.0_스테로이드-주사제-품명-제일덱사메타손주사액-등 - 20개 질문 생성
2025-09-02 18:21:52,223 - INFO - 완료: 245.0_epinephrine-제제-품명-제일에피네프린주사액-등 - 14개 질문 생성
2025-09-02 18:21:52,596 - INFO - 완료: 245.0_epinephrine-bitartrate-주사제-품명-젝스트-프리필드펜주 - 15개 질문 생성
2025-09-02 18:21:53,114 - INFO - 완료: 245.0_deflazacort-경구제-품명-캘코트정-등 - 23개 질문 생성
2025-09-02 18:21:57,733 - INFO - 완료: 245.0_triamcinolone-acetonide-주사제-품명-트리암시놀론주-등 - 17개 질문 생성
2025-09-02 18:21:59,034 - INFO - 완료: 245.0_methylprednisolone-sodium-succinate-주사제- - 16개 질문 생성
2025-09-02 18:21:59,985 - INFO - 완료: 247.0_dienogest-경구제-품명-비잔정-등 - 20개 질문 생성
2025-09-02 18:22:00,119 - INFO - 완료: 247.0_danazol-경구제-품명-영풍-다나졸캡슐-등 - 20개 질문 생성
2025-09-02 18:22:01,163 - INFO - 완료: 247.0_estradiol-valerate-경구제-품명-프로기노바28정1밀리-그램 - 18개 질문 생성
2025-09-02 18:22:01,893 - INFO - 완료: 247.0_estradiol-hemihydrate-경구제-품명-프레다정1mg-등 - 20개 질문 생성
2025-09-02 18:22:04,526 - INFO - 완료: 247.0_levonorgestrol-제제-품명-미레나-20mcg - 19개 질문 생성
2025-09-02 18:22:08,510 - INFO - 완료: 249.0_태반성성선자극호르몬-hcg-주사제-품명-아이브이에프씨주-5000iu-등 - 20개 질문 생성
2025-09-02 18:22:09,107 - INFO - 완료: 249.0_난포자극호르몬-fsh-주사제 - 20개 질문 생성
2025-09-02 18:22:09,823 - INFO - 완료: 247.0_medroxyprogesterone-acetate-경구제-품명-프로베라정 - 15개 질문 생성
2025-09-02 18:22:09,972 - INFO - 완료: 249.0_clomiphene-citrate-경구제-품명-영풍-클로미-펜시트르산염정 - 18개 질문 생성
2025-09-02 18:22:13,298 - INFO - 완료: 249.0_erythropoietin-주사제-품명-에포카인주-등 - 20개 질문 생성
2025-09-02 18:22:14,123 - INFO - 완료: 249.0_darbepoetin-alpha-주사제-품명-네스프프리필드시린지-주-등 - 18개 질문 생성
2025-09-02 18:22:18,147 - INFO - 완료: 249.0_long-acting-octreotide-주사제-품명-산도스타틴라르주사1 - 17개 질문 생성
2025-09-02 18:22:18,997 - INFO - 완료: 249.0_gnrh-antagonist-주사제 - 21개 질문 생성
2025-09-02 18:22:19,108 - INFO - 완료: 249.0_lutropin-alpha-r-hlh-주사제-품명-루베리스주-75iu - 21개 질문 생성
2025-09-02 18:22:20,346 - INFO - 완료: 249.0_follitropin-a-lutropin-ar-hlh-복합주사제-품명-퍼 - 13개 질문 생성
2025-09-02 18:22:24,307 - INFO - 완료: 249.0_menotrophin-주사제-품명-아이브이에프엠-주-75iu-등-meno - 20개 질문 생성
2025-09-02 18:22:25,326 - INFO - 완료: 249.0_methoxy-polyethylene-glycol-epoetin-β-주사 - 13개 질문 생성
2025-09-02 18:22:27,249 - INFO - 완료: 249.0_octreotide-주사제-품명-산도스타틴주-등 - 20개 질문 생성
2025-09-02 18:22:28,856 - INFO - 완료: 252.0_methylergonovine-maleate-주사제-품명-에르빈주사액-등 - 17개 질문 생성
2025-09-02 18:22:28,939 - INFO - 완료: 249.0_pasireotide-pamoate-주사제-품명-시그니포-라르-주사-20 - 17개 질문 생성
2025-09-02 18:22:30,234 - INFO - 완료: 249.0_pegvisomant-주사제-품명-소마버트-10밀리그램-등 - 19개 질문 생성
2025-09-02 18:22:35,309 - INFO - 완료: 259.0_5알파-환원효소-억제제-경구제-finasteride-5mg-dutaste - 20개 질문 생성
2025-09-02 18:22:36,231 - INFO - 완료: 259.0_alfuzosin-경구제-품명-자트랄엑스엘정10밀리-그람-등 - 20개 질문 생성
2025-09-02 18:22:36,919 - INFO - 완료: 259.0_mirabegron-경구제-품명-베타미가서방정-등 - 15개 질문 생성
2025-09-02 18:22:38,839 - INFO - 완료: 259.0_fesoterodine-fumarate-경구제-품명-토비애즈서방정-4mg - 16개 질문 생성
2025-09-02 18:22:39,517 - INFO - 완료: 259.0_dutasteride-05mg-tamsulosin-hydrochlorid - 17개 질문 생성
2025-09-02 18:22:39,681 - INFO - 완료: 259.0_atosiban-주사제-품명-트랙토실주-등 - 20개 질문 생성
2025-09-02 18:22:43,206 - INFO - 완료: 259.0_potassium-citrate-경구제-품명-유로시트라케이-10meq서방 - 14개 질문 생성
2025-09-02 18:22:44,310 - INFO - 완료: 259.0_naftopidil-경구제-품명-플리바스정-등 - 20개 질문 생성
2025-09-02 18:22:44,366 - INFO - 완료: 259.0_potassium-citrate-citric-acid-경구제-품명-유로시 - 18개 질문 생성
2025-09-02 18:22:48,632 - INFO - 완료: 259.0_solifenacin-경구제-품명-베시케어정-등 - 20개 질문 생성
2025-09-02 18:22:48,850 - INFO - 완료: 259.0_silodosin-경구제-품명-트루패스캡슐-4mg-등 - 21개 질문 생성
2025-09-02 18:22:49,838 - INFO - 완료: 259.0_tamsulosin-hcl-경구제-품명-보령염산탐스로신캡슐0-2밀리그람- - 17개 질문 생성
2025-09-02 18:22:49,932 - INFO - 완료: 259.0_terazosin-hcl-경구제-품명-일양하이트린정-등 - 15개 질문 생성
2025-09-02 18:22:52,286 - INFO - 완료: 261.0_povidone-iodine-외용제-품명-포타딘연고-등 - 20개 질문 생성
2025-09-02 18:22:52,489 - INFO - 완료: 259.0_tolterodine-경구제-품명-디트루시톨정-등 - 20개 질문 생성
2025-09-02 18:22:57,804 - INFO - 완료: 263.0_mafenide-acetate-외용제-품명-메페드크림-등 - 20개 질문 생성
2025-09-02 18:22:57,832 - INFO - 완료: 263.0_recombinant-human-epidermal-growth-facto - 18개 질문 생성
2025-09-02 18:22:59,469 - INFO - 완료: 264.0_진통진양수렴소염-외용제 - 19개 질문 생성
2025-09-02 18:22:59,622 - INFO - 완료: 264.0_코르티코스테로이드-피부-도포제 - 20개 질문 생성
2025-09-02 18:23:00,501 - INFO - 완료: 264.0_ammonium-lactate-외용제-품명-타로암모늄락테이트로션-12-등 - 19개 질문 생성
2025-09-02 18:23:01,508 - INFO - 완료: 264.0_buprenorphine-패취제-품명-노스판패취-5-10-20 - 17개 질문 생성
2025-09-02 18:23:05,742 - INFO - 완료: 264.0_lidocaine-패취제-품명-리도탑-카타플라스마-등 - 20개 질문 생성
2025-09-02 18:23:08,352 - INFO - 완료: 265.0_fluconazole-외용제-품명-후코날크림-05 - 19개 질문 생성
2025-09-02 18:23:08,498 - INFO - 완료: 264.0_capsaicin-외용제-품명-다이악센크림-등 - 19개 질문 생성
2025-09-02 18:23:09,435 - INFO - 완료: 269.0_calcipotriol-외용제-품명-다이보넥스 - 19개 질문 생성
2025-09-02 18:23:09,764 - INFO - 완료: 266.0_imiquimod-125mg-외용제-품명-알다라크림 - 19개 질문 생성
2025-09-02 18:23:11,077 - INFO - 완료: 269.0_penciclovir-외용제-품명-펜시비어크림 - 17개 질문 생성
2025-09-02 18:23:14,496 - INFO - 완료: 269.0_pimecrolimus-외용제-품명-엘리델크림-1 - 17개 질문 생성
2025-09-02 18:23:19,208 - INFO - 완료: 311.0_paricalcitol-주사제-품명-젬플라주-등 - 19개 질문 생성
2025-09-02 18:23:19,239 - INFO - 완료: 269.0_tacrolimus-외용제-품명-프로토픽연고-01-003-등 - 20개 질문 생성
2025-09-02 18:23:19,880 - INFO - 완료: 311.0_calcitriol-경구제-품명-본키연질캡슐-등 - 20개 질문 생성
2025-09-02 18:23:21,759 - INFO - 완료: 311.0_calcitriol-주사제-품명-본키주-등 - 20개 질문 생성
2025-09-02 18:23:23,161 - INFO - 완료: 269.0_tacalcitol-2087mcgg-외용제-품명-본알파하이연고 - 18개 질문 생성
2025-09-02 18:23:26,000 - INFO - 완료: 316.0_수용성비타민엽산-복합성분-경구제-품명-레날민정-네프비타정-등 - 21개 질문 생성
2025-09-02 18:23:28,124 - INFO - 완료: 322.0_철분주사제-품명-베노훼럼주-페린젝트주-등 - 19개 질문 생성
2025-09-02 18:23:28,299 - INFO - 완료: 322.0_iron-acetyl-transferrin-200mg-경구제-품명-알부맥 - 19개 질문 생성
2025-09-02 18:23:30,594 - INFO - 완료: 322.0_액제형-철분제제-품명-헤모콤액-등 - 20개 질문 생성
2025-09-02 18:23:30,719 - INFO - 완료: 325.0_경장영양제-품명-엔커버액-등 - 19개 질문 생성
2025-09-02 18:23:32,437 - INFO - 완료: 325.0_a액glucose-b액amino-acid-c액intralipid-주사제- - 19개 질문 생성
2025-09-02 18:23:33,619 - INFO - 완료: 325.0_단백아미노산-제제 - 19개 질문 생성
2025-09-02 18:23:36,786 - INFO - 완료: 325.0_n2-l-alanyl-l-g-lutamine-주사제-품명-디펩티벤주-등 - 18개 질문 생성
2025-09-02 18:23:37,166 - INFO - 완료: 325.0_glycyl-l-glutamine-주사제-품명-글라민주-등 - 16개 질문 생성
2025-09-02 18:23:40,209 - INFO - 완료: 329.0_lipid-주사제-품명-스모프리피드-20주-등 - 20개 질문 생성
2025-09-02 18:23:42,177 - INFO - 완료: 325.0_a-keto-dl-isoleuci-ne-calcium-670mg외-9종- - 10개 질문 생성
2025-09-02 18:23:42,316 - INFO - 완료: 325.0_l-leucine-l-phenylalanine-l-methionine-등 - 13개 질문 생성
2025-09-02 18:23:43,723 - INFO - 완료: 332.0_eptacog-alfa-주사제-품명-노보세븐알티주 - 24개 질문 생성
2025-09-02 18:23:44,322 - INFO - 완료: 332.0_gelatin-sponge-외용제-품명-큐탄플라스트스폰지-등 - 18개 질문 생성
2025-09-02 18:23:47,368 - INFO - 완료: 332.0_idarucizumab-주사제-품명-프락스바인드주사제 - 21개 질문 생성
2025-09-02 18:23:48,881 - INFO - 완료: 332.0_oxidized-regenerated-cellulose-품명-써지셀오리지 - 18개 질문 생성
2025-09-02 18:23:50,340 - INFO - 완료: 332.0_thrombin-제제 - 20개 질문 생성
2025-09-02 18:23:51,483 - INFO - 완료: 332.0_tranexamic-acid-경구제-품명-도란사민캅셀 - 19개 질문 생성
2025-09-02 18:23:51,574 - INFO - 완료: 333.0_apixaban-경구제-품명-엘리퀴스정-등 - 19개 질문 생성
2025-09-02 18:23:51,675 - INFO - 완료: 332.0_p-aminomethyl-benzoic-acid-주사제-품명-에스빅스주- - 15개 질문 생성
2025-09-02 18:23:58,506 - INFO - 완료: 333.0_dalteparin-sodium-주사제-품명-프라그민주-등 - 20개 질문 생성
2025-09-02 18:24:00,318 - INFO - 완료: 333.0_dabigatran-경구제-품명-프라닥사캡슐-110밀리그램-등 - 19개 질문 생성
2025-09-02 18:24:01,023 - INFO - 완료: 333.0_fondaparinux-sodium-주사제-품명-아릭스트라주 - 16개 질문 생성
2025-09-02 18:24:01,254 - INFO - 완료: 333.0_enoxaparin-sodium-주사제-품명-크렉산주-등 - 20개 질문 생성
2025-09-02 18:24:02,292 - INFO - 완료: 333.0_defibrotide-주사제-품명-데피텔리오주-200밀리그램 - 21개 질문 생성
2025-09-02 18:24:02,980 - INFO - 완료: 333.0_edoxaban-tosilate-hydrate-경구제-품명-릭시아나정-1 - 17개 질문 생성
2025-09-02 18:24:08,156 - INFO - 완료: 333.0_heparin-주사제 - 17개 질문 생성
2025-09-02 18:24:09,687 - INFO - 완료: 339.0_cilostazol-경구제-품명-프레탈정-등 - 20개 질문 생성
2025-09-02 18:24:10,297 - INFO - 완료: 333.0_nadroparin-주사제-품명-후락시파린주-등 - 19개 질문 생성
2025-09-02 18:24:12,362 - INFO - 완료: 333.0_rivaroxaban-경구제-품명-자렐토정-25밀리그램-등 - 18개 질문 생성
2025-09-02 18:24:13,653 - INFO - 완료: 339.0_eltrombopag-olamine-경구제-품명-레볼레이드정-25밀리그램 - 19개 질문 생성
2025-09-02 18:24:15,857 - INFO - 완료: 339.0_damoctocog-alfa-pegol-주사제-품명-지비주-500-iu- - 14개 질문 생성
2025-09-02 18:24:21,330 - INFO - 완료: 339.0_emicizumab-주사제-품명-헬리브라-피하주사-30mg-등 - 20개 질문 생성
2025-09-02 18:24:21,364 - INFO - 완료: 339.0_hydroxyethyl-starch-함유-제제-품명-볼루벤주-볼루라이트주 - 20개 질문 생성
2025-09-02 18:24:22,655 - INFO - 완료: 339.0_pentastarch-제제-품명-제일펜타스타치-10주 - 20개 질문 생성
2025-09-02 18:24:25,536 - INFO - 완료: 339.0_plerixafor-주사제-품명-모조빌주-등 - 20개 질문 생성
2025-09-02 18:24:26,871 - INFO - 완료: 339.0_recombinant-blood-coagulation-factor-vii - 14개 질문 생성
2025-09-02 18:24:29,232 - INFO - 완료: 339.0_g-csf-주사제-filgrastim-품명-그라신프리필드-시린지주-등-l - 18개 질문 생성
2025-09-02 18:24:30,997 - INFO - 완료: 339.0_recombinant-blood-coagulation-factor-ix- - 10개 질문 생성
2025-09-02 18:24:32,732 - INFO - 완료: 339.0_recombinant-blood-coagulation-factor-vii - 19개 질문 생성
2025-09-02 18:24:33,548 - INFO - 완료: 339.0_recombinant-blood-coagulation-factor-ix- - 12개 질문 생성
2025-09-02 18:24:34,465 - INFO - 완료: 339.0_recombinant-blood-coagulation-factor-ix- - 14개 질문 생성
2025-09-02 18:24:36,459 - INFO - 완료: 339.0_recombinant-blood-coagulation-factor-ix- - 15개 질문 생성
2025-09-02 18:24:40,478 - INFO - 완료: 339.0_romiplostim-주사제-품명-로미플레이트주250마이-크로그램 - 19개 질문 생성
2025-09-02 18:24:40,516 - INFO - 완료: 339.0_susoctocog-alfa-주사제-품명-오비주르주 - 21개 질문 생성
2025-09-02 18:24:43,170 - INFO - 완료: 341.0_복막투석액 - 19개 질문 생성
2025-09-02 18:24:43,364 - INFO - 완료: 339.0_ticlopidine-hcl-경구제-품명-유유크리드정-등 - 19개 질문 생성
2025-09-02 18:24:44,094 - INFO - 완료: 349.0_calcium-chloride-외-안내수술용-평형염액-품명-비에스에스액- - 20개 질문 생성
2025-09-02 18:24:44,120 - INFO - 완료: 341.0_l-methionine-외-복막투석액-품명-뉴트리닐-피디-4액 - 19개 질문 생성
2025-09-02 18:24:51,454 - INFO - 완료: 349.0_d-mannitol-d-sorbitol-품명-유로솔액-등 - 15개 질문 생성
2025-09-02 18:24:51,509 - INFO - 완료: 392.0_deferasirox-경구제-품명-엑스자이드확산정-125밀리그람-등 - 14개 질문 생성
2025-09-02 18:24:52,705 - INFO - 완료: 392.0_flumazenil-주사제-품명-아넥세이트주-등 - 20개 질문 생성
2025-09-02 18:24:53,297 - INFO - 완료: 391.0_lamivudine-100mg-경구제-품명-제픽스정-등 - 19개 질문 생성
2025-09-02 18:24:55,477 - INFO - 완료: 392.0_구형흡착탄-경구제-품명-크레메진세립-등 - 21개 질문 생성
2025-09-02 18:24:56,707 - INFO - 완료: 392.0_betaine-anhydrous-180g-경구제-품명-시스타단산-1그램 - 22개 질문 생성
2025-09-02 18:25:00,069 - INFO - 완료: 392.0_sodium-thiosulfate-주사제-품명-아메톡스주-25 - 15개 질문 생성
2025-09-02 18:25:01,144 - INFO - 완료: 394.0_colchicine-경구제-품명-콜킨정-등 - 19개 질문 생성
2025-09-02 18:25:01,720 - INFO - 완료: 392.0_leucovorin-calcium-주사제-품명-페르본주사-등 - 18개 질문 생성
2025-09-02 18:25:04,415 - INFO - 완료: 395.0_agalsidase-alfa-35mg-주사제-품명-레프라갈주 - 18개 질문 생성
2025-09-02 18:25:05,956 - INFO - 완료: 392.0_zinc-acetate-경구제-품명-윌리진캡슐-25밀-리그램-50밀리그램 - 24개 질문 생성
2025-09-02 18:25:07,903 - INFO - 완료: 395.0_agalsidase-β-37mg-주사제-품명-파브라자임주-등 - 19개 질문 생성
2025-09-02 18:25:08,734 - INFO - 완료: 395.0_alglucosidase-alfa-주사제-품명-마이오자임주-avalglu - 17개 질문 생성
2025-09-02 18:25:09,285 - INFO - 완료: 395.0_asfotase-alfa-주사제-품명-스트렌식주-40mgml-등 - 20개 질문 생성
2025-09-02 18:25:11,588 - INFO - 완료: 395.0_elosulfase-alfa-5mg-주사제-품명-비미짐주 - 17개 질문 생성
2025-09-02 18:25:14,437 - INFO - 완료: 395.0_idursulfase-주사제-품명-엘라프라제주-등 - 18개 질문 생성
2025-09-02 18:25:15,182 - INFO - 완료: 395.0_galsulfase-주사제-품명-나글라자임주 - 20개 질문 생성
2025-09-02 18:25:15,632 - INFO - 완료: 396.0_당뇨병용제-고지혈증-복합경구제 - 21개 질문 생성
2025-09-02 18:25:18,146 - INFO - 완료: 395.0_rasburicase-주사제-품명-패스터텍주 - 20개 질문 생성
2025-09-02 18:25:20,730 - INFO - 완료: 396.0_empagliflozin-경구제-품명-자디앙정-10밀리그램 - 19개 질문 생성
2025-09-02 18:25:22,392 - INFO - 완료: 396.0_metformin-경구제-품명-다이아벡스정-등 - 17개 질문 생성
2025-09-02 18:25:23,186 - INFO - 완료: 396.0_pioglitazone-경구제-품명-액토스정-등 - 20개 질문 생성
2025-09-02 18:25:24,991 - INFO - 완료: 396.0_dapagliflozin-경구제-품명-포시가정-10밀리그램-등 - 19개 질문 생성
2025-09-02 18:25:26,809 - INFO - 완료: 399.0_avocado-soya-unsaponifiables-경구제-품명-이모튼캡 - 18개 질문 생성
2025-09-02 18:25:30,271 - INFO - 완료: 399.0_bdde-bridged-sodium-hyaluronate-60mg-주사제 - 15개 질문 생성
2025-09-02 18:25:32,308 - INFO - 완료: 399.0_cabergoline-경구제-품명-카버락틴정-등 - 19개 질문 생성
2025-09-02 18:25:32,582 - INFO - 완료: 399.0_burosumab-주사제-품명-크리스비타주사액 - 20개 질문 생성
2025-09-02 18:25:32,705 - INFO - 완료: 399.0_bromocryptine-mesylate-경구제-품명-팔로델정-등 - 17개 질문 생성
2025-09-02 18:25:36,495 - INFO - 완료: 399.0_carglumic-acid-경구제-품명-카바글루확산정200mg - 20개 질문 생성
2025-09-02 18:25:38,096 - INFO - 완료: 399.0_cinacalcet-hcl-경구제-품명-레그파라정-등 - 20개 질문 생성
2025-09-02 18:25:41,552 - INFO - 완료: 399.0_disodium-etidronate-경구제-품명-다이놀정 - 12개 질문 생성
2025-09-02 18:25:42,614 - INFO - 완료: 399.0_denosumab-주사제-품명-프롤리아-프리필드시린지 - 16개 질문 생성
2025-09-02 18:25:42,785 - INFO - 완료: 399.0_eliglustat-tartrate-경구제-품명-세레델가캡슐-84밀리그램 - 17개 질문 생성
2025-09-02 18:25:43,544 - INFO - 완료: 399.0_41-ww-mixed-hydrogel-of-sodium-hyalurona - 17개 질문 생성
2025-09-02 18:25:47,444 - INFO - 완료: 399.0_miglustat-경구제-품명-자베스카캡슐-100밀리그램 - 19개 질문 생성
2025-09-02 18:25:51,746 - INFO - 완료: 399.0_lactulose-경구제-품명-듀파락시럽-등-품명-듀파락-이지시럽-등 - 20개 질문 생성
2025-09-02 18:25:52,060 - INFO - 완료: 399.0_nitisinone-경구제-품명-올파딘캅셀 - 20개 질문 생성
2025-09-02 18:25:53,275 - INFO - 완료: 399.0_pamidronate-제제-품명-파노린주사-등 - 20개 질문 생성
2025-09-02 18:25:54,551 - INFO - 완료: 399.0_nafamostat-주사제-품명-주사용후탄-등-주사용후탄-50등 - 20개 질문 생성
2025-09-02 18:25:54,725 - INFO - 완료: 399.0_proteolytic-peptide-from-porcine-brain-주 - 12개 질문 생성
2025-09-02 18:25:59,778 - INFO - 완료: 399.0_sodium-alendronate-시럽제-품명-마시본액-등 - 15개 질문 생성
2025-09-02 18:26:03,532 - INFO - 완료: 399.0_sodium-hyaluronate-20mg-주사제-품명-히루안플러스주-등 - 16개 질문 생성
2025-09-02 18:26:03,731 - INFO - 완료: 399.0_sodium-hyaluronate-25mg-주사제-품명-하이알주-등 - 16개 질문 생성
2025-09-02 18:26:03,801 - INFO - 완료: 399.0_thioctic-acid-주사제-품명-부광치옥타시드주-등 - 19개 질문 생성
2025-09-02 18:26:06,781 - INFO - 완료: 399.0_s-adenosyl-l-met-hionine-sulfate-p-tolue - 17개 질문 생성
2025-09-02 18:26:10,928 - INFO - 완료: 399.0_zoledronic-acid-5mg100ml-주사제-품명-대웅졸레드론산주 - 18개 질문 생성
2025-09-02 18:26:12,370 - INFO - 완료: 399.0_a-lipoic-acid또는-thioctic-acid경구제 - 19개 질문 생성
2025-09-02 18:26:14,856 - INFO - 완료: 421.0_5-fluorouracil-주사제-품명-중외-5-에프유-주-등 - 18개 질문 생성
2025-09-02 18:26:16,467 - INFO - 완료: 421.0_cyclophosphamide-제제 - 14개 질문 생성
2025-09-02 18:26:18,490 - INFO - 완료: 421.0_6-mercaptopurine-경구제-품명-푸리네톤정-등 - 18개 질문 생성
2025-09-02 18:26:21,615 - INFO - 완료: 399.0_romosozumab-주사제-품명-이베니티주-프리필드시린지 - 18개 질문 생성
2025-09-02 18:26:21,709 - INFO - 완료: 421.0_etoposide-제제 - 18개 질문 생성
2025-09-02 18:26:23,655 - INFO - 완료: 421.0_gnrh-agonist-주사제 - 18개 질문 생성
2025-09-02 18:26:28,561 - INFO - 완료: 421.0_상황균사체엑스-경구제-품명-메시마캅셀-등 - 25개 질문 생성
2025-09-02 18:26:28,812 - INFO - 완료: 421.0_interferon-α-2a-주사제-품명-로페론에이프리필드주 - 19개 질문 생성
2025-09-02 18:26:31,567 - INFO - 완료: 421.0_interferon-α-2b-주사제-품명-인트론에이멀티도스펜 - 22개 질문 생성
2025-09-02 18:26:31,765 - INFO - 완료: 421.0_letrozole-경구제-품명-페마라정-등 - 23개 질문 생성
2025-09-02 18:26:33,773 - INFO - 완료: 421.0_methotrexate-제제 - 20개 질문 생성
2025-09-02 18:26:35,356 - INFO - 완료: 421.0_megestrol-acetate-품명-메게이스내복현탁액-등 - 23개 질문 생성
2025-09-02 18:26:36,726 - INFO - 완료: 421.0_mitoxantrone-hcl-주사제-품명-미트론주 - 19개 질문 생성
2025-09-02 18:26:38,854 - INFO - 완료: 421.0_rituximab-주사제-품명-맙테라주-등 - 19개 질문 생성
2025-09-02 18:26:40,235 - INFO - 완료: 421.0_ruxolitinib-phosphate-경구제-품명-자카비정5밀리그램-등 - 16개 질문 생성
2025-09-02 18:26:42,728 - INFO - 완료: 421.0_vincristin-sulfate-주사제-품명-빈크란주-등 - 17개 질문 생성
2025-09-02 18:26:43,103 - INFO - 완료: 429.0_anagrelide-acetate-품명-아그릴린캅셀-등 - 19개 질문 생성
2025-09-02 18:26:43,430 - INFO - 완료: 421.0_tamoxifen-경구제-품명-놀바덱스정-등 - 23개 질문 생성
2025-09-02 18:26:46,499 - INFO - 완료: 429.0_selumetinib-경구제-품명-코셀루고캡슐10-25밀리그램 - 20개 질문 생성
2025-09-02 18:26:46,906 - INFO - 완료: 429.0_thymomodulin-경구제-품명-로이콘시럽-등 - 20개 질문 생성
2025-09-02 18:26:50,327 - INFO - 완료: 431.0_chromium51cr-edetate-1mci-품명-새한크롬이디티에이주사 - 15개 질문 생성
2025-09-02 18:26:50,698 - INFO - 완료: 431.0_에프도파18f-품명-도파체크주사 - 20개 질문 생성
2025-09-02 18:26:52,524 - INFO - 완료: 431.0_33-diphosphono-1-2-propane-dicarboxylate - 17개 질문 생성
2025-09-02 18:26:53,319 - INFO - 완료: 431.0_exametazime-주사제-품명-스타빌라이지드세레텍주-등 - 19개 질문 생성
2025-09-02 18:26:54,681 - INFO - 완료: 431.0_indium-chloride111in-33mci-pentetreotide - 19개 질문 생성
2025-09-02 18:26:54,780 - INFO - 완료: 431.0_strontium-chloride-sr-89-품명-메타스트론주 - 19개 질문 생성
2025-09-02 18:26:59,831 - INFO - 완료: 431.0_thallium-201-주사제-품명-한국원자력의학원염화-탈륨ti-201주 - 20개 질문 생성
2025-09-02 18:27:01,758 - INFO - 완료: 439.0_자가유래연골세포-품명-콘드론 - 20개 질문 생성
2025-09-02 18:27:02,760 - INFO - 완료: 439.0_사람유래-피부각질세포-품명-칼로덤 - 20개 질문 생성
2025-09-02 18:27:03,375 - INFO - 완료: 439.0_자가-지방유래-중간엽줄기세포-품명-큐피스템주 - 19개 질문 생성
2025-09-02 18:27:03,796 - INFO - 완료: 439.0_동종피부유래-각질세포-품명-케라힐-알로 - 21개 질문 생성
2025-09-02 18:27:07,059 - INFO - 완료: 439.0_abatacept-주사제-품명-오렌시아주-250밀리그램-오렌시아서브큐프리 - 20개 질문 생성
2025-09-02 18:27:10,331 - INFO - 완료: 439.0_adalimumab-주사제-품명-휴미라주-등_p4 - 20개 질문 생성
2025-09-02 18:27:10,639 - INFO - 완료: 439.0_adalimumab-주사제-품명-휴미라주-등_p1 - 19개 질문 생성
2025-09-02 18:27:11,141 - INFO - 완료: 439.0_adalimumab-주사제-품명-휴미라주-등_p2 - 19개 질문 생성
2025-09-02 18:27:13,551 - INFO - 완료: 439.0_adalimumab-주사제-품명-휴미라주-등_p3 - 18개 질문 생성
2025-09-02 18:27:13,585 - INFO - 완료: 439.0_anakinra-품명-키너렛주 - 19개 질문 생성
2025-09-02 18:27:14,599 - INFO - 완료: 439.0_aflibercept-주사제-품명-아일리아주사-아일리아프리필드시린지-등 - 18개 질문 생성
2025-09-02 18:27:19,179 - INFO - 완료: 439.0_etanercept-주사제-품명-엔브렐주사-등 - 20개 질문 생성
2025-09-02 18:27:19,351 - INFO - 완료: 439.0_faricimab-주사제-품명-바비스모주 - 20개 질문 생성
2025-09-02 18:27:22,500 - INFO - 완료: 439.0_infliximab-제제-품명-레미케이드-주-등_p1 - 18개 질문 생성
2025-09-02 18:27:22,759 - INFO - 완료: 439.0_infliximab-제제-품명-레미케이드-주-등_p2 - 20개 질문 생성
2025-09-02 18:27:23,614 - INFO - 완료: 439.0_brolucizumab-주사제-품명-비오뷰프리필드시린지 - 20개 질문 생성
2025-09-02 18:27:24,359 - INFO - 완료: 439.0_infliximab-제제-품명-레미케이드-주-등_p3 - 20개 질문 생성
2025-09-02 18:27:28,488 - INFO - 완료: 439.0_infliximab-제제-품명-레미케이드-주-등_p4 - 21개 질문 생성
2025-09-02 18:27:28,668 - INFO - 완료: 439.0_ranibizumab-주사제-품명-루센티스주-등-루센티스프리필드시린지-등 - 20개 질문 생성
2025-09-02 18:27:30,177 - INFO - 완료: 439.0_onasemnogene-abeparvovec-주사제-품명-졸겐스마주 - 15개 질문 생성
2025-09-02 18:27:31,114 - INFO - 완료: 611.0_benzathine-penicillin-g-주사제-품명-몰다민주-등 - 15개 질문 생성
2025-09-02 18:27:33,340 - INFO - 완료: 439.0_vedolizumab-주사제-품명-킨텔레스주-등 - 20개 질문 생성
2025-09-02 18:27:36,963 - INFO - 완료: 611.0_daptomycin-주사제-품명-펜토신주-350밀리그램-등 - 23개 질문 생성
2025-09-02 18:27:36,978 - INFO - 완료: 611.0_tedizolid-경구제-품명-시벡스트로정-200mg-등 - 19개 질문 생성
2025-09-02 18:27:38,758 - INFO - 완료: 611.0_teicoplanin-주사제-품명-타고시드주-등 - 19개 질문 생성
2025-09-02 18:27:39,668 - INFO - 완료: 611.0_linezolid-경구제-품명-자이복스정-등-linezolid-2mgml - 18개 질문 생성
2025-09-02 18:27:39,805 - INFO - 완료: 612.0_amikacin-sulfate-주사제-품명-아미킨주-등 - 18개 질문 생성
2025-09-02 18:27:44,960 - INFO - 완료: 612.0_colistimethate-주사제-품명-후콜리스티메테이트주-등 - 15개 질문 생성
2025-09-02 18:27:44,983 - INFO - 완료: 611.0_vancomycin-주사제-품명-반코마이신주-등 - 22개 질문 생성
2025-09-02 18:27:46,557 - INFO - 완료: 613.0_kanamycin-sulfate-주사제-품명-동아카나마이신-황산염주 - 19개 질문 생성
2025-09-02 18:27:46,616 - INFO - 완료: 612.0_aztreonam-주사제-품명-메작탐주사-등 - 20개 질문 생성
2025-09-02 18:27:48,313 - INFO - 완료: 613.0_rifabutin-경구제-품명-마이코부틴캅셀-등 - 18개 질문 생성
2025-09-02 18:27:54,195 - INFO - 완료: 614.0_roxithromycin-경구제-품명-루리드정-등 - 19개 질문 생성
2025-09-02 18:27:55,488 - INFO - 완료: 614.0_azithromycin-경구제-품명-지스로맥스정-등 - 20개 질문 생성
2025-09-02 18:27:58,793 - INFO - 완료: 615.0_doxycycline-50-100mg-제제-품명-국제독시사이클린하이-클레 - 19개 질문 생성
2025-09-02 18:27:59,410 - INFO - 완료: 614.0_erythromycin-경구제-품명-보령에릭캡슐 - 20개 질문 생성
2025-09-02 18:28:02,566 - INFO - 완료: 616.0_pentamidine-isethionate-주사제-품명-화이자펜타미딘이세 - 19개 질문 생성
2025-09-02 18:28:02,889 - INFO - 완료: 617.0_bleomycin-hcl-주사제-품명-브레오신주-등 - 18개 질문 생성
2025-09-02 18:28:02,961 - INFO - 완료: 613.0_rifampicin-경구제-품명-리팜핀정-등 - 19개 질문 생성
2025-09-02 18:28:06,346 - INFO - 완료: 617.0_mitomycin-c-점안액-조제실-제제에-한함 - 20개 질문 생성
2025-09-02 18:28:08,568 - INFO - 완료: 617.0_mitomycin-c-주사제 - 19개 질문 생성
2025-09-02 18:28:09,045 - INFO - 완료: 618.0_amoxicillin-clavulanate-경구제-품명-오구멘틴정-등 - 12개 질문 생성
2025-09-02 18:28:12,888 - INFO - 완료: 618.0_cefazolin-sod-주사제-품명-세파졸린주-등 - 19개 질문 생성
2025-09-02 18:28:13,136 - INFO - 완료: 618.0_ceftolozane-tazobactam-주사제-품명-저박사주 - 17개 질문 생성
2025-09-02 18:28:13,613 - INFO - 완료: 618.0_ceftazidime-주사제-품명-포텀주-등 - 18개 질문 생성
2025-09-02 18:28:16,055 - INFO - 완료: 618.0_ceftazidime-avibactam-주사제-품명-자비쎄프타주 - 16개 질문 생성
2025-09-02 18:28:18,721 - INFO - 완료: 618.0_ertapenem-주사제-품명-인반즈주 - 21개 질문 생성
2025-09-02 18:28:19,898 - INFO - 완료: 618.0_gentamicin-sulfate-주사제 - 18개 질문 생성
2025-09-02 18:28:20,383 - INFO - 완료: 618.0_imipenem-cilastatin-제제-품명-티에남주-등-meropen - 16개 질문 생성
2025-09-02 18:28:24,032 - INFO - 완료: 618.0_tigecycline-주사제-품명-타이가실주 - 19개 질문 생성
2025-09-02 18:28:25,761 - INFO - 완료: 618.0_rifaximin-경구제-품명-노르믹스정 - 23개 질문 생성
2025-09-02 18:28:29,242 - INFO - 완료: 619.0_clarithromycin-경구제-품명-클래리시드필름코팅정-250mg-등 - 20개 질문 생성
2025-09-02 18:28:29,749 - INFO - 완료: 621.0_sulfamethoxazole-400mg-trimethoprim-80mg - 16개 질문 생성
2025-09-02 18:28:30,883 - INFO - 완료: 621.0_sulfadiazine-단일성분-경구제-품명-설파디아진정 - 20개 질문 생성
2025-09-02 18:28:33,616 - INFO - 완료: 621.0_sulfasalazine-경구제-품명-사라조피린이엔정-등 - 17개 질문 생성
2025-09-02 18:28:35,765 - INFO - 완료: 622.0_bedaquiline-fumarate-경구제-품명-서튜러정-100mg - 19개 질문 생성
2025-09-02 18:28:37,705 - INFO - 완료: 622.0_delamanid-경구제-품명-델티바정-50mg - 19개 질문 생성
2025-09-02 18:28:38,725 - INFO - 완료: 629.0_에이즈치료제 - 20개 질문 생성
2025-09-02 18:28:41,292 - INFO - 완료: 622.0_pretomanid-경구제-품명-도브프렐라정-200mg - 26개 질문 생성
2025-09-02 18:28:42,650 - INFO - 완료: 629.0_acyclovir-제제-품명-조비락스-등 - 18개 질문 생성
2025-09-02 18:28:43,959 - INFO - 완료: 629.0_balofloxacin-100mg-품명-큐록신정 - 19개 질문 생성
2025-09-02 18:28:44,685 - INFO - 완료: 623.0_dapsone-경구제-품명-태준답손정-25mg-등 - 19개 질문 생성
2025-09-02 18:28:47,255 - INFO - 완료: 629.0_ciprofloxacin-경구제-품명-사이톱신정-등 - 20개 질문 생성
2025-09-02 18:28:48,055 - INFO - 완료: 629.0_darunavir-ethanolate-43364mg-경구제-품명-프레지스 - 12개 질문 생성
2025-09-02 18:28:51,253 - INFO - 완료: 629.0_darunavir-ethanolate-65046mg-경구제-품명-프레지스 - 16개 질문 생성
2025-09-02 18:28:52,404 - INFO - 완료: 629.0_elbasvir-grazoprevir-경구제-품명-제파티어정 - 20개 질문 생성
2025-09-02 18:28:54,350 - INFO - 완료: 629.0_etravirine-경구제-품명-인텔렌스정 - 17개 질문 생성
2025-09-02 18:28:54,954 - INFO - 완료: 629.0_darunavir-ethanolate-cobicistat-silicon- - 13개 질문 생성
2025-09-02 18:29:00,166 - INFO - 완료: 629.0_ganciclovir-주사제-품명-싸이메빈정주-등 - 19개 질문 생성
2025-09-02 18:29:00,813 - INFO - 완료: 629.0_gemifloxacin-mesylate-경구제-품명-팩티브정 - 18개 질문 생성
2025-09-02 18:29:01,696 - INFO - 완료: 629.0_ledipasvir-sofosbuvir-경구제-품명-하보니정 - 15개 질문 생성
2025-09-02 18:29:01,819 - INFO - 완료: 629.0_famciclovir-250mg-경구제-품명-팜비어정-250mg-등 - 19개 질문 생성
2025-09-02 18:29:06,320 - INFO - 완료: 629.0_glecaprevir-pibrentasvir-경구제-품명-마비렛정 - 16개 질문 생성
2025-09-02 18:29:08,637 - INFO - 완료: 629.0_levofloxacin-경구제-품명-레보펙신정-등 - 19개 질문 생성
2025-09-02 18:29:09,746 - INFO - 완료: 629.0_letermovir-경구제-품명-프레비미스정-240-480밀리그램-let - 19개 질문 생성
2025-09-02 18:29:11,068 - INFO - 완료: 629.0_levofloxacin-주사제-품명-크라비트주-등 - 19개 질문 생성
2025-09-02 18:29:11,149 - INFO - 완료: 629.0_lomefloxacin-경구제-품명-로맥사신정-등 - 20개 질문 생성
2025-09-02 18:29:11,832 - INFO - 완료: 629.0_maribavir-경구제-품명-리브텐시티정200밀리-그램 - 21개 질문 생성
2025-09-02 18:29:17,343 - INFO - 완료: 629.0_ofloxacin-제제-품명-타리비드-등 - 20개 질문 생성
2025-09-02 18:29:18,983 - INFO - 완료: 629.0_moxifloxacin-경구제-품명-아벨록스정-등 - 18개 질문 생성
2025-09-02 18:29:19,765 - INFO - 완료: 629.0_nelfinavir-mesylate-경구제-품명-비라셉트필름코팅정 - 17개 질문 생성
2025-09-02 18:29:19,991 - INFO - 완료: 629.0_oseltamivir-경구제-품명-타미플루캡슐-등 - 20개 질문 생성
2025-09-02 18:29:21,202 - INFO - 완료: 629.0_raltegravir-potassium-경구제-품명-이센트레스정-이센트레 - 18개 질문 생성
2025-09-02 18:29:21,339 - INFO - 완료: 629.0_palivizumab-주사제-품명-시나지스주-등 - 21개 질문 생성
2025-09-02 18:29:27,691 - INFO - 완료: 629.0_sofosbuvir-경구제-품명-소발디정 - 20개 질문 생성
2025-09-02 18:29:29,311 - INFO - 완료: 629.0_sofosbuvir-velpatasvir-경구제-품명-엡클루사정 - 18개 질문 생성
2025-09-02 18:29:29,348 - INFO - 완료: 629.0_tosufloxacin-경구제-품명-오젝스정 - 20개 질문 생성
2025-09-02 18:29:31,300 - INFO - 완료: 629.0_tenofovir-disoproxil-emtricitabine-경구제-품 - 18개 질문 생성
2025-09-02 18:29:31,584 - INFO - 완료: 629.0_tenofovir-disoproxil-경구제-품명-비리어드정-등 - 17개 질문 생성
2025-09-02 18:29:32,413 - INFO - 완료: 629.0_sofosbuvir-velpatasvir-voxilaprevir-경구제- - 12개 질문 생성
2025-09-02 18:29:33,699 - INFO - 완료: 629.0_valganciclovir-경구제-품명-발싸이트정-450밀리그람-등-발싸 - 15개 질문 생성
2025-09-02 18:29:34,484 - INFO - 완료: 629.0_zabofloxacin-경구제-품명-자보란테정 - 18개 질문 생성
2025-09-02 18:29:36,959 - INFO - 완료: 629.0_valacyclovir-hcl-경구제-품명-발트렉스정-250밀리그람-등 - 19개 질문 생성
2025-09-02 18:29:41,827 - INFO - 완료: 631.0_free-dried-rabies-vaccine-produced-on-ve - 16개 질문 생성
2025-09-02 18:29:42,533 - INFO - 완료: 629.0_zanamivir-외용제-품명-리렌자로타디스크 - 24개 질문 생성
2025-09-02 18:29:43,760 - INFO - 완료: 632.0_clostridium-botulinum-a-toxin-주사제-품명-보톡스 - 15개 질문 생성
2025-09-02 18:29:45,116 - INFO - 완료: 634.0_albumin-주사제 - 20개 질문 생성
2025-09-02 18:29:46,137 - INFO - 완료: 632.0_clostridium-botulinum-a-toxin-haemagglut - 10개 질문 생성
2025-09-02 18:29:46,166 - INFO - 완료: 633.0_antivenin-agkistrodon-halys-품명-보란건조살무사항독 - 16개 질문 생성
2025-09-02 18:29:50,780 - INFO - 완료: 634.0_anti-inhibitor-coagulant-complex-주사제-품명- - 19개 질문 생성
2025-09-02 18:29:52,202 - INFO - 완료: 634.0_antithrombin-iii-human-주사제-품명-안티트롬빈iii-주 - 18개 질문 생성
2025-09-02 18:29:53,757 - INFO - 완료: 634.0_human-blood-coagulation-factor-250iu-500 - 19개 질문 생성
2025-09-02 18:29:54,022 - INFO - 완료: 634.0_human-blood-coagulation-factor-viii-250i - 11개 질문 생성
2025-09-02 18:29:54,423 - INFO - 완료: 634.0_human-anti-hepatitis-b-immunoglobulin-정주 - 15개 질문 생성
2025-09-02 18:29:56,086 - INFO - 완료: 634.0_human-blood-coagulation-factor-viii-주사제- - 15개 질문 생성
2025-09-02 18:30:00,339 - INFO - 완료: 634.0_human-coagulation-factor-x-주사제-품목-코아가덱스주 - 19개 질문 생성
2025-09-02 18:30:03,141 - INFO - 완료: 634.0_igm-고함유-사람면역글로불린-주사제-품명-펜타글로빈주 - 19개 질문 생성
2025-09-02 18:30:04,177 - INFO - 완료: 634.0_human-immunoglobulin-g-주사제-품명-아이비글로-불린에스_p1 - 16개 질문 생성
2025-09-02 18:30:04,411 - INFO - 완료: 634.0_human-plasma-fraction-with-a-factor-xiii - 17개 질문 생성
2025-09-02 18:30:04,575 - INFO - 완료: 634.0_immunoglobulin-anti-drh-600-1500-5000iu- - 20개 질문 생성
2025-09-02 18:30:06,228 - INFO - 완료: 634.0_immunoglobulin-g-human-cytomegalovirus-주 - 15개 질문 생성
2025-09-02 18:30:11,338 - INFO - 완료: 634.0_protein-c-concentrate-lyophilized-powder - 16개 질문 생성
2025-09-02 18:30:11,641 - INFO - 완료: 636.0_rabies-human-immunoglobulin-300-iu-주사제-품 - 12개 질문 생성
2025-09-02 18:30:12,555 - INFO - 완료: 639.0_interferon-β-1a-주사제-품명-레비프프리필드-주사-레비도즈프리 - 15개 질문 생성
2025-09-02 18:30:14,732 - INFO - 완료: 639.0_eculizumab-주사제-품명-솔리리스주-등_p1 - 17개 질문 생성
2025-09-02 18:30:15,384 - INFO - 완료: 639.0_interferon-β-1b-품명-베타페론주사 - 18개 질문 생성
2025-09-02 18:30:19,273 - INFO - 완료: 635.0_tuberculin-purified-protein-derivative-품 - 16개 질문 생성
2025-09-02 18:30:20,192 - INFO - 완료: 639.0_peginterferon-alfa-2a-주사제-품명-페가시스주-페가시스프 - 16개 질문 생성
2025-09-02 18:30:20,651 - INFO - 완료: 639.0_interferon-r-주사제-품명-인터맥스감마주-200만단위 - 20개 질문 생성
2025-09-02 18:30:22,350 - INFO - 완료: 641.0_atovaquone-250mg-proguanil-hcl-100mg-경구제 - 11개 질문 생성
2025-09-02 18:30:23,315 - INFO - 완료: 639.0_natalizumab-주사제-품명-티사브리주 - 17개 질문 생성
2025-09-02 18:30:24,824 - INFO - 완료: 639.0_ravulizumab-주사제-품명-울토미리스주-등 - 19개 질문 생성
2025-09-02 18:30:28,056 - INFO - 완료: 641.0_pyrimethamine-품명-다라프림정 - 20개 질문 생성
2025-09-02 18:30:28,979 - INFO - 완료: 641.0_metronidazole-주사제-품명-트리젤주-등 - 19개 질문 생성
2025-09-02 18:30:31,152 - INFO - 완료: 641.0_pyronaridine-artesunate-복합경구제-품명-피라맥스정 - 17개 질문 생성
2025-09-02 18:30:33,238 - INFO - 완료: 721.0_barium-sulfate-제제-품명-솔로탑-등 - 18개 질문 생성
2025-09-02 18:30:33,899 - INFO - 완료: 641.0_pyrimethamine-sulfadoxine-복합경구제-품명-팬시다정 - 12개 질문 생성
2025-09-02 18:30:36,232 - INFO - 완료: 721.0_ethyl-esters-of-the-iodised-fatty-acids- - 16개 질문 생성
2025-09-02 18:30:36,753 - INFO - 완료: 729.0_corticorelin-trifluoroacetate-품명-씨알에이치페링 - 14개 질문 생성
2025-09-02 18:30:41,569 - INFO - 완료: 821.0_alfentanil-hcl-주사제-품명-알페닐주-등 - 19개 질문 생성
2025-09-02 18:30:42,190 - INFO - 완료: 729.0_somatorelin-acetate-품명-지에이치알에이치페링 - 18개 질문 생성
2025-09-02 18:30:42,952 - INFO - 완료: 721.0_peg3350외-품명-코리트산-등 - 19개 질문 생성
2025-09-02 18:30:46,936 - INFO - 완료: 821.0_fentanyl-citrate-주사제-품명-구연산펜타닐주-등 - 18개 질문 생성
2025-09-02 18:30:47,278 - INFO - 완료: 811.0_paracetamol-250mg-ibuprofen-200mg-codein - 16개 질문 생성
2025-09-02 18:30:53,349 - INFO - 완료: 821.0_oxycodone-hcl-주사제-품명-옥시넘주사-등 - 21개 질문 생성
2025-09-02 18:30:53,366 - INFO - 완료: 821.0_remifentanil-주사제-품명-울티바주-등 - 18개 질문 생성
2025-09-02 18:30:55,211 - INFO - 완료: 729.0_perfluorobutane-주사제-품명-소나조이드주 - 19개 질문 생성
2025-09-02 18:30:56,510 - INFO - 완료: 821.0_sufentanil-citrate-주사제-품명-수펜탈주사-등 - 17개 질문 생성
2025-09-02 18:30:57,078 - INFO - 완료: 급여-한약제의-제형-변형에-따른-인정-범주_66aa0c83 - 15개 질문 생성
2025-09-02 18:30:59,642 - INFO - 완료: 처방별-적응증_8fb8f12c - 19개 질문 생성
2025-09-02 18:31:03,411 - INFO - 완료: 같은-날에-2가지-이상-기준처방-동시-투약시-인정여부_97714efa - 16개 질문 생성
2025-09-02 18:31:03,767 - INFO - 완료: 갈근탕_eaee14d3 - 19개 질문 생성
2025-09-02 18:31:03,832 - INFO - 완료: 가미소요산_b2d166d3 - 20개 질문 생성
2025-09-02 18:31:04,116 - INFO - 완료: 구미강활탕_09ddb755 - 22개 질문 생성
2025-09-02 18:31:05,354 - INFO - 완료: 갈근해기탕_144e85c0 - 17개 질문 생성
2025-09-02 18:31:06,856 - INFO - 완료: 궁소산_4f8d9169 - 19개 질문 생성
2025-09-02 18:31:12,744 - INFO - 완료: 궁하탕_01b84ec9 - 18개 질문 생성
2025-09-02 18:31:12,971 - INFO - 완료: 당귀연교음_503ee72a - 18개 질문 생성
2025-09-02 18:31:14,659 - INFO - 완료: 당귀육황탕_ff718d31 - 19개 질문 생성
2025-09-02 18:31:14,900 - INFO - 완료: 내소산_b4d0af23 - 23개 질문 생성
2025-09-02 18:31:15,568 - INFO - 완료: 대청룡탕_e8bd6692 - 20개 질문 생성
2025-09-02 18:31:20,772 - INFO - 완료: 대황목단-피탕_c5fb32ca - 20개 질문 생성
2025-09-02 18:31:21,472 - INFO - 완료: 대시호탕_08416897 - 16개 질문 생성
2025-09-02 18:31:22,096 - INFO - 완료: 대화중음_94c7d825 - 24개 질문 생성
2025-09-02 18:31:24,611 - INFO - 완료: 반하사심탕_f7be07c2 - 19개 질문 생성
2025-09-02 18:31:25,038 - INFO - 완료: 도인승기탕_44560768 - 17개 질문 생성
2025-09-02 18:31:28,329 - INFO - 완료: 반하백출-천마탕_032cc088 - 20개 질문 생성
2025-09-02 18:31:29,434 - INFO - 완료: 백출탕_e138c7e8 - 20개 질문 생성
2025-09-02 18:31:30,646 - INFO - 완료: 반하후박탕_191f5476 - 19개 질문 생성
2025-09-02 18:31:33,260 - INFO - 완료: 보중익기탕_fd939f40 - 23개 질문 생성
2025-09-02 18:31:34,221 - INFO - 완료: 복령보심탕_737a72be - 17개 질문 생성
2025-09-02 18:31:35,478 - INFO - 완료: 삼소음_37185c2c - 18개 질문 생성
2025-09-02 18:31:35,514 - INFO - 완료: 보허탕_48c313d8 - 19개 질문 생성
2025-09-02 18:31:37,445 - INFO - 완료: 불환금-정기산_605ba0f2 - 20개 질문 생성
2025-09-02 18:31:39,177 - INFO - 완료: 삼호작약탕_0cfb3f12 - 19개 질문 생성
2025-09-02 18:31:39,289 - INFO - 완료: 삼출건비탕_4f74313c - 19개 질문 생성
2025-09-02 18:31:40,638 - INFO - 완료: 삼황사심탕_c12d3f14 - 19개 질문 생성
2025-09-02 18:31:44,052 - INFO - 완료: 승양보위탕_dbc7a65f - 14개 질문 생성
2025-09-02 18:31:44,450 - INFO - 완료: 소시호탕-삼금탕_b641327c - 24개 질문 생성
2025-09-02 18:31:44,501 - INFO - 완료: 생맥산_0c5c8e03 - 20개 질문 생성
2025-09-02 18:31:45,530 - INFO - 완료: 소청룡탕_7fb9e8c1 - 19개 질문 생성
2025-09-02 18:31:48,728 - INFO - 완료: 시경반하탕_8b87f771 - 18개 질문 생성
2025-09-02 18:31:51,132 - INFO - 완료: 시호계지탕_e61dfab2 - 17개 질문 생성
2025-09-02 18:31:51,408 - INFO - 완료: 안태음_9381727e - 20개 질문 생성
2025-09-02 18:31:52,961 - INFO - 완료: 시호청간탕_b1679bde - 17개 질문 생성
2025-09-02 18:31:54,091 - INFO - 완료: 연교패독산_5ad5319f - 18개 질문 생성
2025-09-02 18:31:56,484 - INFO - 완료: 오림산_f7f71845 - 19개 질문 생성
2025-09-02 18:31:57,434 - INFO - 완료: 시호소간탕_cf961165 - 19개 질문 생성
2025-09-02 18:31:58,034 - INFO - 완료: 이중탕_0598d2f4 - 19개 질문 생성
2025-09-02 18:31:59,893 - INFO - 완료: 오적산_ebc297ab - 19개 질문 생성
2025-09-02 18:32:00,631 - INFO - 완료: 이진탕_549f8fe4 - 19개 질문 생성
2025-09-02 18:32:06,024 - INFO - 완료: 청상견통탕_cfe77f65 - 19개 질문 생성
2025-09-02 18:32:06,142 - INFO - 완료: 익위승양탕_d2ab6935 - 19개 질문 생성
2025-09-02 18:32:07,041 - INFO - 완료: 인진호탕_ac5084da - 20개 질문 생성
2025-09-02 18:32:07,486 - INFO - 완료: 조위승기탕_5998cf1d - 18개 질문 생성
2025-09-02 18:32:08,125 - INFO - 완료: 인삼패독산_86aa9864 - 18개 질문 생성
2025-09-02 18:32:11,994 - INFO - 완료: 팔물탕_565e99e8 - 19개 질문 생성
2025-09-02 18:32:13,774 - INFO - 완료: 청서익기탕_225ecbc8 - 20개 질문 생성
2025-09-02 18:32:13,816 - INFO - 완료: 청위산_6807ee4d - 20개 질문 생성
2025-09-02 18:32:15,804 - INFO - 완료: 행소탕산_ed4bec62 - 19개 질문 생성
2025-09-02 18:32:18,513 - INFO - 완료: 평위산_7bae6883 - 19개 질문 생성
2025-09-02 18:32:20,005 - INFO - 완료: 황련해독탕_d945f613 - 16개 질문 생성
2025-09-02 18:32:20,594 - INFO - 완료: 향사평위산_b7cb5719 - 19개 질문 생성
2025-09-02 18:32:22,124 - INFO - 완료: 황금작약탕_ffab6c81 - 19개 질문 생성
2025-09-02 18:32:25,857 - INFO - 완료: 회춘양격산_03745f4d - 19개 질문 생성
2025-09-02 18:32:27,737 - INFO - 완료: 자음강화탕_2bd53c4f - 22개 질문 생성
2025-09-02 18:32:28,114 - INFO - 완료: 형개연교탕_d5b87f0d - 18개 질문 생성
2025-09-02 18:32:30,116 - INFO - 완료: 만성-호흡기-질환에-장기-투여된-macrolide-계열-제제-인정여부_2ad805ac - 18개 질문 생성
2025-09-02 18:32:30,163 - INFO - 완료: 급성-심재성-정맥혈전증-상병에-투여하는-프라그민주의-인정기준_470af50b - 17개 질문 생성
2025-09-02 18:32:31,220 - INFO - 완료: 류마티스질환에서-tnf-α-inhibitor-제제-품명-엔브렐주사-등를-_8c7652ca - 19개 질문 생성
2025-09-02 18:32:38,759 - INFO - 완료: 폐계면활성제lung-surfactant-주사제의-인정기준_3ac80e59 - 20개 질문 생성
2025-09-02 18:32:38,789 - INFO - 결과 저장 완료: full_embedding_v2.jsonl (697개 항목)
2025-09-02 18:32:39,949 - INFO - 질문별 결과 저장 완료: full_embedding_v2_questions.xlsx (12866개 질문)
2025-09-02 18:32:39,959 - INFO - 감사 로그 저장 완료: .\audit_log_v2.csv
2025-09-02 18:32:39,959 - INFO - 완료: 697개 항목, 12866개 질문 생성 (평균 18.5개/항목)
2025-09-02 18:32:39,975 - INFO - 약제명 사용 분석:
2025-09-02 18:32:39,975 - INFO - - 주 약제명 추정: 439개 (3.4%)
2025-09-02 18:32:39,975 - INFO - - 품명 추정: 2195개 (17.1%)
2025-09-02 18:32:39,975 - INFO - - 간접 지칭 추정: 1536개 (11.9%)
